# callgrind format
version: 1
creator: callgrind-3.18.1
pid: 51571
cmd:  ./HashTableOpt
part: 1


desc: I1 cache: 
desc: D1 cache: 
desc: LL cache: 

desc: Timerange: Basic block 0 - 395722522
desc: Trigger: Program termination

positions: line
events: Ir
summary: 2741017495


ob=(5) /home/vlad/Учёба/Программирование/2 semester/HashTable/HashTableOpt
fl=(150) ???
fn=(508) (below main)
0 12
cob=(3) /usr/lib/x86_64-linux-gnu/libc.so.6
cfi=(151) ./csu/../csu/libc-start.c
cfn=(510) __libc_start_main@@GLIBC_2.34
calls=1 242 
0 2740851943

fn=(780) HashTableDtor(HashTable*)
0 19
cfn=(782) ListDtor(List*)
calls=1 0 
0 144
0 26688
cfn=(782)
calls=6672 0 
0 4821399
0 13348
cob=(2) ???
cfi=(51) ???
cfn=(778) 0x00000000001091a0
calls=1 0 
0 68
0 9

fn=(820) 0x0000000000001600
0 5

fn=(520) 0x00000000000016b0
0 12

fn=(540) main
0 16
cob=(2)
cfi=(51)
cfn=(542) 0x00000000001092c0
calls=1 0 
0 2222
0 6
cob=(2)
cfi=(51)
cfn=(542)
calls=1 0 
0 601
0 13
cob=(2)
cfi=(51)
cfn=(596) 0x00000000001091b0
calls=1 0 
0 1258
0 4
cob=(2)
cfi=(51)
cfn=(634) 0x0000000000109250
calls=1 0 
0 21
0 6
cob=(2)
cfi=(51)
cfn=(596)
calls=1 0 
0 1258
0 2
cob=(2)
cfi=(51)
cfn=(634)
calls=1 0 
0 21
0 99
cob=(2)
cfi=(51)
cfn=(638) 0x0000000000109240
calls=1 0 
0 80019
0 30000
cob=(2)
cfi=(51)
cfn=(642) 0x0000000000109270
calls=10000 0 
0 2180318
0 60000
cob=(2)
cfi=(51)
cfn=(596)
calls=10000 0 
0 6417125
0 40005
cfn=(648) HashTableCtor(HashTable*, unsigned long, int (*)(char const*))
calls=1 0 
0 2277730
0 5
cfn=(660) FillHashTable(HashTable*, _IO_FILE*, int)
calls=1 0 
0 10807135
0 2
cob=(2)
cfi=(51)
cfn=(670) 0x00000000001091e0
calls=1 0 
0 551
0 3
cob=(2)
cfi=(51)
cfn=(670)
calls=1 0 
0 579
0 1
cob=(2)
cfi=(51)
cfn=(702) 0x00000000001091d0
calls=1 0 
0 37
0 8003
cfn=(708) FindInHashTable(char const*, HashTable*)
calls=1000 0 
0 224000
0 39996000
cfn=(708)
calls=9999000 0 
0 2642685000
0 30002002
cob=(2)
cfi=(51)
cfn=(702)
calls=1 0 
0 37
0 8
cob=(2)
cfi=(51)
cfn=(716) 0x00000000001092b0
calls=1 0 
0 3885
0 30004
cob=(2)
cfi=(51)
cfn=(778)
calls=10000 0 
0 1119851
0 20002
cfn=(780)
calls=1 0 
0 4861675
0 14

fn=(654) ListCtor(List*)
0 93422
cob=(2)
cfi=(51)
cfn=(642)
calls=6673 0 
0 1663480
0 246901
cfn=(658) ListVerify(List*)
calls=6673 0 
0 180171
0 53384

fn=(668) ListPushBack(List*, char const*)
0 553730
cfn=(658)
calls=10000 0 
0 270000
0 216750

fn=(710) FindInList(List*, char const*)
0 228069000
cob=(2)
cfi=(51)
cfn=(712) 0x0000000000109280
calls=16216000 0 
0 392298000
0 102432000

fn=(804) 0x0000000000001670
0 9
cob=(2)
cfi=(51)
cfn=(810) 0x0000000000109190
calls=1 0 
0 74
0 1
cfn=(820)
calls=1 0 
0 5
0 3

fn=(662) MyHash(char const*)
0 40040000
cob=(2)
cfi=(51)
cfn=(664) 0x00000000001091f0
calls=10010000 0 
0 160160156
0 1271383560

fn=(782)
0 40038
cfn=(658)
calls=6673 0 
0 180171
0 76144
cob=(2)
cfi=(51)
cfn=(778)
calls=5158 0 
0 567748
0 9684
cob=(2)
cfi=(51)
cfn=(778)
calls=4842 0 
0 542304
0 66673
cob=(2)
cfi=(51)
cfn=(778)
calls=6673 0 
0 3252032
0 86749

fn=(648)
0 16
cob=(2)
cfi=(51)
cfn=(642)
calls=1 0 
0 305
0 12
cfn=(654)
calls=1 0 
0 335
0 26688
cfn=(654)
calls=6672 0 
0 2237023
0 13351

fn=(658)
0 630342

fn=(660)
0 30021
cfn=(662)
calls=10000 0 
0 1473716
0 100000
cfn=(668)
calls=10000 0 
0 1040480
0 50000
cob=(2)
cfi=(51)
cfn=(642)
calls=10000 0 
0 2180477
0 80000
cob=(2)
cfi=(51)
cfn=(596)
calls=10000 0 
0 5832432
0 20009

fn=(708)
0 190000000
cfn=(662)
calls=10000000 0 
0 1470110000
0 190000000
cfn=(710)
calls=10000000 0 
0 722799000
0 70000000

ob=(4) /usr/libexec/valgrind/vgpreload_core-amd64-linux.so
fl=(145) ???
fn=(832) 0x00000000000010e0
0 11
cob=(2)
cfi=(51)
cfn=(838) 0x000000000483f040
calls=1 0 
0 74
0 10
cfn=(844) 0x0000000000001070
calls=1 0 
0 5
0 5

fn=(844)
0 5

fn=(490) 0x00000000000012f0
0 5

fn=(482) 0x0000000000001170
0 12

ob=(2)
fl=(51)
fn=(164) 0x0000000004002050
0 6
cob=(1) /usr/lib/x86_64-linux-gnu/ld-linux-x86-64.so.2
cfi=(52) ./elf/./elf/dl-error-skeleton.c
cfn=(166) _dl_catch_exception
calls=3 175 
0 9530

fn=(596)
0 40004
cob=(3)
cfi=(170) ./stdio-common/./stdio-common/isoc99_fscanf.c
cfn=(598) __isoc99_fscanf
calls=20002 25 
0 12212069

fn=(702)
0 4
cob=(3)
cfi=(186) ./time/../sysdeps/unix/sysv/linux/clock.c
cfn=(704) clock
calls=2 25 
0 70

fn=(712)
0 32432000
cob=(3)
cfi=(188) ./string/../sysdeps/x86_64/multiarch/strcmp-avx2.S
cfn=(714) __strcmp_avx2
calls=16216000 83 
0 359866000

fn=(810)
0 2
cob=(3)
cfi=(211) ./stdlib/./stdlib/cxa_finalize.c
cfn=(812) __cxa_finalize
calls=1 30 
0 72

fn=(478) 0x000000000483f000
0 6
cob=(4)
cfi=(145)
cfn=(482)
calls=1 0 
0 12
0 1
cob=(4)
cfi=(145)
cfn=(490)
calls=1 0 
0 5
0 2

fn=(638)
0 2
cob=(3)
cfi=(180) ./string/../sysdeps/x86_64/multiarch/memset-vec-unaligned-erms.S
cfn=(640) __memset_avx2_unaligned_erms
calls=1 181 
0 80017

fn=(738) 0x0000000004882620
0 4
cob=(3)
cfi=(195) ./string/../sysdeps/x86_64/multiarch/memmove-vec-unaligned-erms.S
cfn=(740) __memcpy_avx_unaligned_erms
calls=2 307 
0 22

fn=(634)
0 4
cob=(3)
cfi=(179) ./libio/./libio/getc.c
cfn=(636) getc
calls=2 34 
0 38

fn=(656) 0x0000000004882670
0 13342
cob=(3)
cfi=(180)
cfn=(640)
calls=6671 181 
0 240059

fn=(664)
0 20020000
cob=(3)
cfi=(182) ./string/../sysdeps/x86_64/multiarch/strlen-avx2.S
cfn=(666) __strlen_avx2
calls=10010000 50 
0 140140156

fn=(670)
0 4
cob=(3)
cfi=(183) ./libio/./libio/iofclose.c
cfn=(672) fclose@@GLIBC_2.2.5
calls=2 34 
0 1126

fn=(722) 0x00000000048824d0
0 4
cob=(3)
cfi=(169) ./string/../sysdeps/x86_64/multiarch/strchr-avx2.S
cfn=(724) __strchrnul_avx2
calls=2 51 
0 38

fn=(778)
0 53348
cob=(3)
cfi=(158) ./malloc/./malloc/malloc.c
cfn=(688) free
calls=26674 3352 
0 5428655

fn=(686) 0x0000000004882370
0 8
cob=(3)
cfi=(158)
cfn=(688)
calls=4 3352 
0 476

fn=(716)
0 2
cob=(3)
cfi=(189) ./debug/./debug/printf_chk.c
cfn=(718) __printf_chk
calls=1 25 
0 3883

fn=(826) 0x000000000010e500
0 4

fn=(160) 0x0000000004002080
0 2
cob=(1)
cfi=(52)
cfn=(162) _dl_catch_error
calls=1 225 
0 2782

fn=(450) 0x0000000004882650
0 38
cob=(1)
cfi=(10) ./elf/./elf/dl-tunables.c
cfn=(24) __tunable_get_val
calls=19 402 
0 391
cob=(1)
cfi=(141) ./elf/../sysdeps/x86_64/dl-trampoline.h
cfn=(456) _dl_runtime_resolve_xsave
calls=1 67 
0 813
0 5

fn=(500) 0x00000000048825f0
0 2
cob=(3)
cfi=(148) ./string/../sysdeps/x86_64/multiarch/strrchr-avx2.S
cfn=(502) __strrchr_avx2
calls=1 46 
0 52

fn=(516) 0x0000000000109000
0 7

fn=(542)
0 4
cob=(3)
cfi=(157) ./libio/./libio/iofopen.c
cfn=(544) fopen@@GLIBC_2.2.5
calls=2 85 
0 2819

fn=(838)
0 2
cob=(3)
cfi=(211)
cfn=(812)
calls=1 30 
0 72

fn=(830) 0x000000000483f334
0 3
cob=(4)
cfi=(145)
cfn=(832)
calls=1 0 
0 105
0 2

fn=(526) 0x00000000048826d0
0 2
cob=(1)
cfi=(49) ./elf/./elf/dl-audit.c
cfn=(530) _dl_audit_preinit
calls=1 117 
0 5
cob=(1)
cfi=(141)
cfn=(456)
calls=1 67 
0 824
0 5

fn=(642)
0 53348
cob=(3)
cfi=(158)
cfn=(644) calloc
calls=26674 3624 
0 5971232

fn=(762) 0x00000000048823e0
0 4
cob=(3)
cfi=(195)
cfn=(764) __mempcpy_avx_unaligned_erms
calls=2 294 
0 33

fn=(546) 0x0000000004882380
0 10
cob=(3)
cfi=(158)
cfn=(548) malloc
calls=5 3287 
0 2762

fn=(592) 0x0000000004882600
0 4
cob=(3)
cfi=(169)
cfn=(594) __strchr_avx2
calls=2 51 
0 42

fn=(760) 0x0000000004882490
0 2
cob=(3)
cfi=(182)
cfn=(666)
calls=1 50 
0 14

ob=(1)
fl=(22) ./string/../sysdeps/x86_64/multiarch/strlen-vec.S
fn=(60) strlen
41 16
+44 16
+1 16
+1 16
+1 16
+1 16
+1 16
+1 16
+2 16
+2 16
+31 16
+1 16
+1 16
+1 16
+1 16
+1 10
+2 10
+4 6
+1 6
+1 6
+1 6
+1 6
+1 6
+1 6
+1 6
+1 6
+1 6
+1 6
+1 6
+5 48

fl=(142) ./elf/./elf/dl-runtime.c
fn=(458) _dl_fixup
46 16
+2 10
+1 2
+6 2
fi=(215) ./elf/../sysdeps/x86_64/dl-runtime.h
-27 2
fe=(142)
+21 2
+5 2
+1 2
-6 2
+6 4
+1 2
+2 2
-2 2
+2 2
-2 10
+7 4
+4 4
+4 6
+4 6
+1 8
-7 8
+16 2
-1 2
+1 4
+10 20
cfi=(78) ./elf/./elf/dl-lookup.c
cfn=(278) _dl_lookup_symbol_x
calls=2 840 
* 1363
* 2
+4 10
+10 20
+15 8
+9 6
+26 6
fi=(6) ./elf/../sysdeps/x86_64/dl-machine.h
+70 2
fe=(142)
-66 12

fl=(56) ./io/../sysdeps/unix/sysv/linux/read_nocancel.c
fn=(180) __read_nocancel
25 2
+1 8
+1 2

fl=(58) ./io/../sysdeps/unix/sysv/linux/fstat64.c
fn=(190) fstat
29 6
+1 6
+5 9
cfi=(59) ./io/../sysdeps/unix/sysv/linux/fstatat64.c
cfn=(192) fstatat
calls=3 153 
* 24

fl=(23) ./elf/../misc/sbrk.c
fn=(62) sbrk
37 5
+3 1
+18 2
+4 2
+16 5

fl=(27) ./elf/./elf/dl-minimal-malloc.c
fn=(72) __minimal_calloc
78 8
+4 8
-4 32
+7 8
+1 24
fi=(28) ./elf/../include/rtld-malloc.h
-30 8
cfi=(27)
cfn=(76) __minimal_malloc
calls=8 -21 
* 235
fe=(27)

fn=(76)
35 120
+1 24
+11 24
-11 48
+11 48
+3 24
-3 24
+3 136
+18 24
+1 24
+2 96
-16 8
+1 4
+2 2
+1 14
cfi=(60) ./misc/../sysdeps/unix/sysv/linux/mmap64.c
cfn=(194) mmap
calls=2 -12 
* 18
* 2
+2 4
+2 4
+2 2
+4 2
-4 4
-23 1
-1 1
+1 1
+1 2
-2 2

fn=(144) __minimal_free
95 3
+2 12

fl=(129) ./elf/./elf/dl-find_object.c
fn=(416) _dl_find_object_init
561 4
+3 1
+2 2
+13 1
cfn=(420) _dlfo_process_initial
calls=1 474 
* 79
+1 1
-1 1
+1 1
fi=(28)
56 1
cfi=(27)
cfn=(76)
calls=1 -21 
* 25
fe=(129)
580 1
fi=(28)
56 1
fe=(129)
582 2
+3 2
+5 1
+1 1
cfn=(420)
calls=1 474 
* 280
+3 3
+10 4
-37 2
cfi=(130) ./elf/./dl-find_object.h
cfn=(418) _dl_find_object_from_map
calls=1 95 
* 68
* 1
+29 2
cfn=(422) _dlfo_sort_mappings
calls=1 -60 
* 80
+3 6
+2 1

fn=(420)
474 2
+3 2
-3 2
+1 2
+3 4
+26 14
+1 6
+1 8
-1 16
+3 28
+3 24
-7 10
+25 2
+2 8
-18 18
+3 6
-1 6
cfi=(130)
cfn=(418)
calls=3 95 
* 189
+2 12

fn=(422)
536 1
+1 2
+3 4
+4 1
+1 1
-1 1
+1 2
-1 1
+1 1
-1 1
+1 6
+1 19
-1 9
+8 6
+1 4
-1 2
-13 4
+14 6
+1 4
-15 4
+17 1

fl=(45) ./string/./string/strdup.c
fn=(140) strdup
40 15
+1 3
cfi=(22)
cfn=(60)
calls=3 * 
* 87
* 3
fi=(216) ./string/../include/rtld-malloc.h
+15 6
cfi=(27)
cfn=(76)
calls=3 -21 
* 75
fe=(45)
-12 6
+4 3
-1 9
+1 6
-1 3
cfi=(29) ./string/../sysdeps/x86_64/multiarch/memmove-vec-unaligned-erms.S
cfn=(80) memcpy
calls=3 212 
* 41

fl=(26) ./elf/./elf/dl-object.c
fn=(70) _dl_new_object
59 42
+3 6
+18 2
+3 2
-3 2
+3 2
cfi=(22)
cfn=(60)
calls=2 -42 
* 52
+4 4
-4 4
+9 4
fi=(28)
-48 6
cfi=(27)
cfn=(72)
calls=2 +34 
* 100
fe=(26)
+48 1
fi=(28)
-48 3
cfi=(27)
cfn=(72)
calls=1 +34 
* 43
* 3
fe=(26)
+51 6
+4 3
-1 3
+6 3
-5 3
+5 3
-5 3
+4 3
+1 3
-1 3
+1 6
cfi=(29)
cfn=(80)
calls=3 212 
* 44
* 6
+2 3
+13 6
+6 1
+2 7
+3 2
-3 14
+3 4
+9 3
-7 3
+4 3
+3 15
+2 1
-2 3
+2 15
-2 45
+16 6
-5 3
+5 3
-6 3
+6 3
-6 3
+6 6
+2 4
+3 4
-3 4
+7 8
+4 4
+8 2
+3 2
+10 3
-10 4
+10 6
+2 2
+21 2
-21 2
cfi=(22)
cfn=(60)
calls=2 41 
* 70
* 6
+17 2
-13 6
+50 6
cfi=(29)
cfn=(128) mempcpy
calls=2 -46 
* 34
* 2
+5 4
+1 4
-1 80
+1 80
+2 4
+3 2
+3 2
+4 27
131 8
-12 4
+34 1
+7 4
+8 8
fi=(28)
56 4
cfi=(27)
cfn=(76)
calls=2 -21 
* 50
* 2
fe=(26)
200 8
64 2
+2 3
+1 2
+10 5
-6 2

fn=(82) _dl_add_to_namespace_list
31 6
+2 3
-2 6
+2 3
-2 6
+2 3
cfi=(24) ./elf/../sysdeps/nptl/dl-tls_init_tp.c
cfn=(84) rtld_mutex_dummy
calls=3 +9 
* 9
+2 23
+3 20
+2 2
+2 2
+4 2
+4 2
-4 4
+1 2
+4 2
-4 2
+1 2
+3 2
-3 2
+3 2
-1 2
cfi=(24)
cfn=(84)
calls=2 -8 
* 6
-4 1
+4 1
-4 2
+1 1
+4 1
-4 1
+1 1
+3 1
-3 1
+3 1
-1 1
cfi=(24)
cfn=(84)
calls=1 -8 
* 3
-5 2

fl=(60)
fn=(194)
47 24
+3 24
+8 48
+2 12

fl=(135) ./elf/./elf/dl-call-libc-early-init.c
fn=(438) _dl_call_libc_early_init
27 1
+2 2
-2 1
+6 3
-6 1
+6 3
-6 1
+6 1
cfi=(134) ./elf/./elf/dl-lookup-direct.c
cfn=(434) _dl_lookup_direct
calls=1 +41 
* 177
+4 2
+2 4
+2 1
-1 1
+1 2
-1 1
cob=(3)
cfi=(136) ./elf/./elf/libc_early_init.c
cfn=(440) __libc_early_init
calls=1 -7 
* 1108

fl=(141)
fn=(456)
67 2
+5 2
+3 2
+2 2
+10 2
+6 2
+1 2
+1 2
+1 2
+1 2
+1 2
+1 2
+4 2
+1 2
+3 2
+1 2
+2 2
+1 2
+1 2
+1 2
+1 2
+1 2
+2 2
+7 2
+1 2
+1 2
cfi=(142)
cfn=(458)
calls=2 -80 
* 1555
+1 2
+5 2
+1 2
+1 2
+2 2
+1 2
+1 2
+1 2
+1 2
+1 2
+1 2
+2 2
+2 2
+4 2
+2 2

fl=(130)
fn=(418)
95 8
+1 8
+1 4
+6 20
+1 119
+1 82
+2 12
+5 4

fl=(64) ./io/../sysdeps/unix/sysv/linux/close_nocancel.c
fn=(204) __GI___close_nocancel
25 3
+1 12
+1 3

fl=(49)
fn=(530)
117 1
+1 4

fn=(828) _dl_audit_objclose
96 4
+1 16

fn=(206) _dl_audit_objopen
76 2
+1 8

fn=(466) _dl_audit_activity_nsid
40 6
+4 3
-4 3
+4 3
-4 3
+4 3
-4 6
+4 3
+1 3
+1 12
+4 18

fn=(154) _dl_audit_activity_map
28 6
+2 1
-1 1
+1 2
+6 6

fl=(12) ./elf/./elf/dl-sort-maps.c
fn=(22) _dl_sort_maps_init
279 2
+1 4
cfi=(10)
cfn=(24)
calls=1 402 
* 20
+2 3
-1 1
+2 2

fn=(244) _dl_sort_maps
288 20
+8 2
-8 2
+8 4
+4 16
-79 4
-37 2
+37 2
-36 8
+1 2
-1 2
+1 2
-1 4
+1 6
-1 6
+1 6
-1 12
+36 30
+8 6
-3 2
+2 2
+1 2
-8 2
+5 2
+3 8
+2 18
+2 8
-90 40
cfn=(246) dfs_traversal.part.0
calls=8 -3 
* 284
+93 16
+18 4
+13 2
+33 2
-26 8
cfi=(29)
cfn=(80)
calls=2 -62 
* 22
* 2

fn=(246)
140 64
+8 8
-2 8
+2 16
+2 20
+3 20
-3 40
+9 16
+15 24
+1 8
+1 48
-17 12

fl=(9) ./elf/../elf/dl-sysdep.c
fn=(16) _dl_sysdep_start
85 4
+25 1
-25 6
+25 1
-1 1
+1 216
+11 1
-8 1
+1 1
-4 1
+3 1
+6 1
+2 13
-34 1
-1 1
+36 113
+3 1
+1 1
-5 85
+57 1
-57 1
+58 1
-1 1
-57 3
+29 1
-29 1
+30 1
-1 1
-29 3
+41 1
-41 1
+42 1
-1 1
-41 3
+35 1
-35 1
+36 1
-1 1
-35 3
+32 1
-32 1
+33 1
-1 1
-32 4
+13 1
-13 1
+14 1
-1 1
-13 3
+10 1
-10 1
+11 1
-1 1
-10 3
+7 1
-7 4
224 1
cfi=(10)
cfn=(18) __GI___tunables_init
calls=1 +55 
* 36248
+3 1
cfi=(12)
cfn=(22)
calls=1 +52 
* 32
fi=(13) ./elf/../sysdeps/unix/sysv/linux/dl-sysdep.c
36 2
cfi=(14) ./elf/../sysdeps/unix/sysv/linux/brk.c
cfn=(28) brk
calls=1 -1 
* 8
fi=(6)
215 1
cfi=(15) ./elf/../sysdeps/x86/dl-get-cpu-features.c
cfn=(32) _dl_x86_init_cpu_features
calls=1 37 
* 7211
fe=(9)
+23 3
+1 1
cfi=(22)
cfn=(60)
calls=1 41 
* 17
* 1
+2 2
cfi=(23)
cfn=(62)
calls=1 37 
* 15
* 3
+12 3
+3 5
cfi=(2) ./elf/./elf/rtld.c
cfn=(64) dl_main
calls=1 1320 
* 118981
+2 9

fn=(464) _dl_sysdep_start_cleanup
262 1
+1 1

fl=(71) ./io/../sysdeps/unix/sysv/linux/pread64_nocancel.c
fn=(232) __pread64_nocancel
25 8
+1 16
+1 4

fl=(36) ./posix/../sysdeps/unix/syscall-template.S
fn=(102) uname
120 5
+2 1

fl=(15)
fn=(436) __x86_cpu_features
71 1
-32 3
+32 2

fn=(32)
37 1
+2 3
+2 1
cfi=(16) ./elf/../sysdeps/x86/cpu-features.c
cfn=(34) init_cpu_features.constprop.0
calls=1 399 
* 7206

fl=(32) ./string/../sysdeps/x86_64/strcmp.S
fn=(90) strcmp
108 202
+33 202
+1 202
+2 202
+1 202
+21 202
+1 202
+1 173
+1 173
+1 152
+1 152
+1 152
+1 152
+21 152
+1 152
+1 152
+1 152
+1 152
+1 152
+1 152
+5 4
+1 12
+9 4
+1 4
+1 4
+1 4
+1 4
+1 4
+1 4
+1 4
-7 50
+1 50
+1 50
+1 50
+1 50
+1 50
+1 50
+1 50
+1 49
+1 30
+1 30
+1 30
+2 30
+1 30
+1 30
+1 30
+1 30
+1 30
-5 19
+1 19
+1 19
+1 19
+1 19
+1 19
+10 5
+1 5
+1 5
+2 5
+6 5
+1 5
+1 5
+1 5
+1 5
+5 5
+2 4
+1 4
+1 8
+8 4
+1 4
+3 4
+1 4
+1 4
+1 4
+1 4
+1 4
693 1
+1 1
+1 1
+1 1
+1 1
+2 1
+1 1
+1 1
+1 1
+1 1
+1 1
+1 1
+1 1
+4 1
+1 1
+1 1
+6 1
+1 1
+1 2
+4 1
+1 1
+3 1
+1 1
+1 1
+3 1
+1 1
+1 1
+6 1
+1 1
+1 1
+1 1
+1 1
+1 1
+44 1
+1 1
+1 1
+1 1
+7 1
+1 1
+1 1
+16 1
+1 1
+1 1
+1 1
+1 1
+2 1
+1 1
+1 1
+1 1
+1 1
+1 1
+1 1
+1 1
+4 1
+1 1
+1 1
+6 1
+1 1
+1 2
+4 1
+1 1
+3 1
+1 1
+1 1
+3 1
+1 1
+1 1
+6 1
+1 1
+1 1
+1 1
+1 1
+1 1
+72 3
+1 3
+1 3
+1 3
+1 3
+2 3
+1 3
+1 3
+1 3
+1 3
+1 3
+1 3
+1 3
+4 3
+1 3
+1 3
+6 3
+1 3
+1 6
+4 3
+1 3
+3 3
+1 3
+1 3
+3 3
+1 3
+1 3
+6 3
+1 3
+1 3
+1 3
+1 3
+1 3
+72 6
+1 6
+1 6
+1 6
+1 6
+2 6
+1 6
+1 6
+1 6
+1 6
+1 6
+1 6
+1 1
+4 1
+1 1
+1 1
+6 1
+1 1
+1 2
+4 1
+1 1
+3 1
+1 1
+1 1
+3 1
+1 1
+1 1
+6 1
+1 1
+1 1
+1 1
+1 1
+1 1
+7 1
+1 1
+2 1
+1 1
+2 1
+1 1
+1 1
+3 1
+1 1
+1 1
+6 1
+1 1
+1 1
+1 1
+1 1
+1 1
+41 3
+1 3
+1 3
+1 3
+1 3
+2 3
+1 3
+1 3
+1 3
+1 3
+1 3
+1 3
+1 1
+4 1
+1 1
+1 1
+6 1
+1 1
+1 2
+4 1
+1 1
+3 1
+1 1
+1 1
+3 1
+1 1
+1 1
+6 1
+1 1
+1 1
+1 1
+1 1
+1 1
+72 2
+1 2
+1 2
+1 2
+1 2
+2 2
+1 2
+1 2
+1 2
+1 2
+1 2
+1 2
+1 2
+4 2
+1 2
+1 2
+6 2
+1 2
+1 4
+4 2
+1 2
+3 2
+1 2
+1 2
+3 2
+1 2
+1 2
+6 2
+1 2
+1 2
+1 2
+1 2
+1 2
+72 1
+1 1
+1 1
+1 1
+1 1
+2 1
+1 1
+1 1
+1 1
+1 1
+1 1
+1 1
+1 1
+4 1
+1 1
+1 1
+6 1
+1 1
+1 2
+4 1
+1 1
+3 1
+1 1
+1 1
+3 1
+1 1
+1 1
+6 1
+1 1
+1 1
+1 1
+1 1
+1 1
+72 1
+1 1
+1 1
+1 1
+1 1
+2 1
+1 1
+1 1
+1 1
+1 1
+1 1
+1 1
+1 1
+4 1
+1 1
+1 1
+6 1
+1 1
+1 2
+4 1
+1 1
+3 1
+1 1
+1 1
+3 1
+1 1
+1 1
+6 1
+1 1
+1 1
+1 1
+1 1
+1 1
+72 5
+1 5
+1 5
+1 5
+1 5
+2 5
+1 5
+1 5
+1 5
+1 5
+1 5
+1 5
+1 2
+4 2
+1 2
+1 2
+6 2
+1 2
+1 4
+4 2
+1 2
+3 2
+1 2
+1 2
+3 2
+1 2
+1 2
+6 2
+1 2
+1 2
+1 2
+1 2
+1 2
+72 3
+1 3
+1 3
+1 3
+1 3
+2 3
+1 3
+1 3
+1 3
+1 3
+1 3
+1 3
+1 2
+4 2
+1 2
+1 2
+6 2
+1 2
+1 4
+4 2
+1 2
+3 2
+1 2
+1 2
+3 2
+1 2
+1 2
+6 2
+1 2
+1 2
+1 2
+1 2
+1 2
+72 7
+1 7
+1 7
+1 7
+1 7
+2 7
+1 7
+1 7
+1 7
+1 7
+1 7
+1 7
+1 3
+4 3
+1 3
+1 3
+6 3
+1 3
+1 6
+4 3
+1 3
+3 3
+1 3
+1 3
+3 3
+1 3
+1 3
+6 3
+1 3
+1 3
+1 3
+1 3
+1 3
+72 16
+1 16
+1 16
+1 16
+1 16
+2 16
+1 16
+1 16
+1 16
+1 16
+1 16
+1 16
+2 6
+4 6
+1 6
+1 6
+6 6
+1 6
+2 12
+4 6
+1 6
+3 6
+1 6
+1 6
+3 6
+1 6
+1 6
+6 6
+1 6
+1 6
+1 6
+1 6
+1 6
+74 28
+2 28
+1 28
+1 28
+1 28
-3 26
+1 26
+1 26
+1 26
+1 60
+5 30
+6 30
+1 30
+8 30
+1 30
-16 172
+6 172
+1 172
+8 172
+1 172

fl=(24)
fn=(84)
42 8
+2 16

fn=(264) __tls_init_tp
68 2
fi=(217) ./elf/../include/list.h
-24 1
fe=(24)
+24 1
fi=(217)
-25 1
fe=(24)
+26 1
+3 1
fi=(217)
-29 1
+1 1
+1 1
+2 1
fe=(24)
+28 4
+1 2
+1 1
+5 2
+5 1
+6 1
-3 1
+3 1
-6 3
+6 1
+13 3
fi=(75) ./elf/../sysdeps/unix/sysv/linux/rseq-internal.h
-72 1
fe=(24)
+72 1
cfi=(10)
cfn=(24)
calls=1 402 
* 20
fi=(75)
-74 3
+2 6
+3 2
+3 1
fe=(24)
+83 3
+7 2
+2 1
+1 1
+1 3

fn=(66) __tls_pre_init_tp
53 3
+3 8
+5 1
-5 1
+5 1
+1 1
-6 1
+8 1

fl=(8) ./elf/./elf/dl-setup_hash.c
fn=(14) _dl_setup_hash
25 4
+3 4
-3 4
+3 8
+3 12
+1 8
+2 4
-1 4
+3 12
+1 4
+4 4
-3 4
+7 4
-4 4
-3 4
+2 8
+5 4
-5 4
-2 4
+7 4
-5 4
+10 4

fl=(47) ./elf/../elf/dl-tls.c
fn=(236) _dl_assign_tls_modid
131 2
+3 1
+13 1
-13 1
+52 1
+2 1
+3 1
+1 2

fn=(262) _dl_allocate_tls_storage
422 2
+13 1
-13 2
+2 1
+12 1
fi=(28)
56 1
cfi=(27)
cfn=(76)
calls=1 -21 
* 53
fe=(47)
437 3
+8 2
fi=(28)
44 1
fe=(47)
445 2
+1 1
+4 321
+19 1
-99 1
+4 1
+1 1
fi=(28)
44 1
cfi=(27)
cfn=(72)
calls=1 +34 
* 36
fe=(47)
376 2
+3 1
+6 2
+90 5

fn=(148) _dl_count_modids
197 1
+2 2
+1 1
+15 2

fn=(260) _dl_determine_tlsoffset
221 8
+6 3
+3 2
+36 3
+2 1
-2 1
-2 1
-40 1
-1 1
-1 1
+46 2
+23 3
+3 1
-3 4
+2 2
-2 1
-25 1
+20 1
-20 5
+2 2
+3 1
-1 1
+5 2
-5 1
+1 1
-1 1
+3 2
+2 3
+32 3
-1 1
+1 4
+2 2
-2 2
+53 8

fn=(414) _dl_allocate_tls_init
528 10
+1 2
+4 1
+6 1
-6 1
+6 1
cfi=(24)
cfn=(84)
calls=1 42 
* 3
+3 3
+12 1
-18 1
-1 1
+43 3
-19 13
+9 3
+1 2
+6 3
+1 1
+2 2
-2 1
+6 1
-4 2
+4 1
-4 2
+3 2
+4 2
+1 4
+2 2
+1 2
+17 1
-8 1
+8 1
+2 3
cfi=(29)
cfn=(128)
calls=1 199 
* 13
* 5
cfi=(44) ./string/../sysdeps/x86_64/multiarch/memset-vec-unaligned-erms.S
cfn=(132) memset
calls=1 125 
* 25
-49 1
+55 1
-55 4
+6 4
+55 2
cfi=(24)
cfn=(84)
calls=1 42 
* 3
+3 2
+3 9

fn=(258) _dl_tls_static_surplus_init
97 2
+4 1
-4 2
+4 1
-4 2
+4 3
cfi=(10)
cfn=(24)
calls=1 402 
* 21
* 1
+1 4
cfi=(10)
cfn=(24)
calls=1 402 
* 21
* 1
+8 1
-8 1
+6 2
+2 3
+3 1
+2 1
-32 3
+34 3
+1 5

fn=(412) _dl_add_to_slotinfo
1015 8
+6 1
+3 1
+1 1
+4 3
+34 2
+3 3
+1 3
+3 6

fl=(77) ./elf/./elf/dl-reloc.c
fn=(270) _dl_relocate_object
194 8
+14 4
-14 36
+16 4
-16 8
+14 4
+2 8
+3 4
-1 4
+1 8
+19 8
+6 20
-34 6
+38 6
+7 12
fi=(6)
71 10
+6 4
+4 3
+14 1
-8 1
+8 2
+20 2
+4 5
-2 2
fe=(77)
288 160
-83 1
fi=(6)
474 4
fe=(77)
205 2
+83 2
fi=(5) ./elf/./elf/do-rel.h
49 1
fe=(77)
288 1
fi=(5)
60 1
-11 2
+11 2
fe=(77)
288 3
-83 3
fi=(6)
474 12
fe=(77)
205 6
+83 6
fi=(5)
49 3
fe=(77)
288 3
fi=(5)
60 3
-11 6
+11 6
fe=(77)
288 8
fi=(5)
49 4
fe=(77)
288 4
fi=(5)
60 4
-11 8
+11 8
-7 1
-1 1
+11 8
fi=(6)
545 28
+4 28
+3 42
+1 14
fi=(5)
63 42
+2 216
+2 120
-4 120
+13 6
+1 8
+1 80
fi=(6)
545 40
+34 80
+2 40
cob=(3)
cfi=(127) ./string/../sysdeps/x86_64/multiarch/rawmemchr.c
cfn=(406) rawmemchr
calls=1 31 
* 23
cob=(3)
cfi=(126) ./string/../sysdeps/x86_64/multiarch/strncase.c
cfn=(404) strncasecmp
calls=1 31 
* 7
cob=(3)
cfi=(125) ./string/../sysdeps/x86_64/multiarch/mempcpy.c
cfn=(400) mempcpy
calls=1 33 
* 22
cob=(3)
cfi=(124) ./string/../sysdeps/x86_64/multiarch/strspn.c
cfn=(398) strspn
calls=1 29 
* 7
cob=(3)
cfi=(122) ./string/../sysdeps/x86_64/multiarch/memchr.c
cfn=(394) memchr
calls=1 29 
* 23
cob=(3)
cfi=(121) ./string/../sysdeps/x86_64/multiarch/stpcpy.c
cfn=(390) stpcpy
calls=1 33 
* 17
cob=(3)
cfi=(119) ./wcsmbs/../sysdeps/x86_64/multiarch/wmemcmp.c
cfn=(386) wmemcmp
calls=1 29 
* 22
cob=(3)
cfi=(118) ./string/../sysdeps/x86_64/multiarch/strncpy.c
cfn=(382) strncpy
calls=1 29 
* 17
cob=(3)
cfi=(117) ./string/../sysdeps/x86_64/multiarch/strlen.c
cfn=(378) strlen
calls=1 29 
* 21
cob=(3)
cfi=(116) ./string/../sysdeps/x86_64/multiarch/strcasecmp_l.c
cfn=(376) strcasecmp_l
calls=1 31 
* 7
cob=(3)
cfi=(115) ./string/../sysdeps/x86_64/multiarch/strcpy.c
cfn=(372) strcpy
calls=1 29 
* 17
cob=(3)
cfi=(114) ./string/../sysdeps/x86_64/multiarch/strchrnul.c
cfn=(368) strchrnul
calls=1 31 
* 21
cob=(3)
cfi=(113) ./string/../sysdeps/x86_64/multiarch/memrchr.c
cfn=(364) memrchr
calls=1 29 
* 21
cob=(3)
cfi=(111) ./wcsmbs/../sysdeps/x86_64/multiarch/wmemset.c
cfn=(360) wmemset
calls=2 31 
* 38
cob=(3)
cfi=(109) ./string/../sysdeps/x86_64/multiarch/memcmp.c
cfn=(356) bcmp
calls=1 29 
* 22
cob=(3)
cfi=(108) ./string/../sysdeps/x86_64/multiarch/strncase_l.c
cfn=(354) strncasecmp_l
calls=1 31 
* 7
cob=(3)
cfi=(107) ./string/../sysdeps/x86_64/multiarch/strcat.c
cfn=(350) strcat
calls=1 29 
* 17
cob=(3)
cfi=(106) ./wcsmbs/../sysdeps/x86_64/multiarch/wcscpy.c
cfn=(348) wcscpy
calls=1 43 
* 7
cob=(3)
cfi=(105) ./string/../sysdeps/x86_64/multiarch/strcspn.c
cfn=(346) strcspn
calls=1 29 
* 7
cob=(3)
cfi=(104) ./string/../sysdeps/x86_64/multiarch/strcasecmp.c
cfn=(344) strcasecmp
calls=1 31 
* 7
cob=(3)
cfi=(103) ./string/../sysdeps/x86_64/multiarch/strncmp.c
cfn=(342) strncmp
calls=1 66 
* 17
cob=(3)
cfi=(101) ./wcsmbs/../sysdeps/x86_64/multiarch/wmemchr.c
cfn=(338) wmemchr
calls=2 31 
* 46
cob=(3)
cfi=(99) ./string/../sysdeps/x86_64/multiarch/stpncpy.c
cfn=(334) stpncpy
calls=1 31 
* 17
cob=(3)
cfi=(98) ./wcsmbs/../sysdeps/x86_64/multiarch/wcscmp.c
cfn=(330) wcscmp
calls=1 30 
* 21
cob=(3)
cfi=(97) ./string/../sysdeps/x86_64/multiarch/memmove.c
cfn=(326) memmove
calls=2 29 
* 44
cob=(3)
cfi=(96) ./string/../sysdeps/x86_64/multiarch/strrchr.c
cfn=(322) rindex
calls=1 28 
* 21
cob=(3)
cfi=(95) ./string/../sysdeps/x86_64/multiarch/strchr.c
cfn=(320) index
calls=1 61 
* 19
cob=(3)
cfi=(93) ./wcsmbs/../sysdeps/x86_64/multiarch/wcschr.c
cfn=(316) wcschr
calls=2 31 
* 42
cob=(3)
cfi=(91) ./string/../sysdeps/x86_64/multiarch/memcpy.c
cfn=(312) memcpy@@GLIBC_2.14
calls=1 29 
* 22
cob=(3)
cfi=(90) ./wcsmbs/../sysdeps/x86_64/multiarch/wcslen.c
cfn=(308) wcslen
calls=1 29 
* 19
cob=(3)
cfi=(88) ./string/../sysdeps/x86_64/multiarch/memset.c
cfn=(304) memset
calls=1 29 
* 24
cob=(3)
cfi=(86) ./wcsmbs/../sysdeps/x86_64/multiarch/wcsnlen.c
cfn=(300) wcsnlen
calls=1 29 
* 19
cob=(3)
cfi=(85) ./string/../sysdeps/x86_64/multiarch/strcmp.c
cfn=(298) strcmp
calls=1 65 
* 17
cob=(3)
cfi=(84) ./string/../sysdeps/x86_64/multiarch/strpbrk.c
cfn=(296) strpbrk
calls=1 29 
* 7
cob=(3)
cfi=(82) ./string/../sysdeps/x86_64/multiarch/strnlen.c
cfn=(292) strnlen
calls=2 31 
* 42
-36 40
+37 40
fi=(5)
77 121
fe=(77)
288 32
+3 24
+24 4
+3 8
+17 12
+2 32
-98 8
+3 2
+7 4
-9 2
fi=(5)
86 14
+2 14
+12 7
-14 28
+14 14
+10 10
+3 13
+1 3
fi=(6)
529 3
fi=(5)
114 3
fi=(6)
529 6
fi=(5)
114 1198
fi=(6)
529 1198
fi=(5)
114 1198
fi=(6)
529 2396
+5 2402
+1 1201
fi=(5)
113 1201
fi=(6)
535 1201
-5 1201
fi=(5)
113 2402
+7 28
+4 20
+2 10
-73 3
fi=(6)
484 3
fi=(5)
52 3
fi=(6)
484 6
fi=(5)
128 6
+1 3
+1 3
-2 3
+2 3
+3 3
-5 3
+2 3
-2 3
+1 6
+2 3
-2 3
+2 9
+2 6
-5 240
+1 120
+1 120
-2 120
+2 120
+3 120
-5 120
+2 120
-2 120
+1 240
+2 120
-2 120
+2 360
+2 240
+9 121
fi=(6)
262 242
+21 242
+4 242
+7 484
fi=(4) ./elf/../sysdeps/generic/ldsodefs.h
138 315
fi=(6)
294 4066
cfi=(78)
cfn=(278)
calls=102 840 
* 57559
* 918
+2 315
+30 720
450 306
fi=(5)
145 340
-19 369
+32 15
+1 6
fi=(6)
294 2
+22 2
-22 4
fi=(5)
160 6
+3 2
+4 2
-4 2
+4 4
-2 2
-2 2
+2 2
+1 2
-1 4
fi=(6)
294 8
508 2
-1 4
+1 4
+1 2
cfi=(15)
cfn=(436)
calls=1 71 
* 6
cob=(3)
cfi=(80) ./string/../sysdeps/x86/cacheinfo.c
cfn=(288) __x86_cacheinfo
calls=1 86 
* 28
+1 2
fi=(5)
159 2
fi=(6)
510 2
fi=(5)
159 8
-14 6
+1 78
fi=(6)
490 6
+5 4
-1 6
+1 4
-1 2
cfi=(29)
cfn=(80)
calls=2 212 
* 22
+2 8
+1 2
-75 51
+4 68
+5 17
+9 17
-9 34
+9 17
fi=(5)
145 66
fi=(6)
296 166
+3 118
-3 118
+3 236
+2 15
+3 6
+1 9
+11 6
+7 3
cob=(3)
cfi=(85)
cfn=(298)
calls=1 65 
* 17
cob=(3)
cfi=(88)
cfn=(304)
calls=1 29 
* 24
cob=(3)
cfi=(117)
cfn=(378)
calls=1 29 
* 21
* 9
+3 6
fi=(5)
135 10
+3 2
fi=(6)
296 102
+3 102
-3 220
+3 4
fi=(5)
50 8
fe=(77)
308 14
fi=(6)
-14 29
fe=(77)
+49 20
+3 4
-3 4
+3 4
+4 8
+1 16
cfi=(128) ./misc/../sysdeps/unix/syscall-template.S
cfn=(410) mprotect
calls=4 117 
* 24
* 8
-63 6
fi=(5)
53 2
175 7
+2 2
+1 2
-1 1
+3 1
-3 4
+3 2
-3 10
+1 10
-1 5
+3 5
-3 20
+3 10
+8 6
fi=(6)
+74 12
+21 12
+4 12
+7 24
fi=(4)
138 18
fi=(6)
294 204
cfi=(78)
cfn=(278)
calls=6 840 
* 3259
* 54
+2 18
+30 36
450 12
fi=(5)
191 18
-16 18
+30 4
fi=(6)
+91 2
+3 2
-3 2
+3 4
-3 2
+3 2
-3 4
fe=(77)

fl=(31) ./elf/./elf/dl-load.c
fn=(172) _dl_map_object
2022 30
+8 6
+1 12
+3 42
+5 49
+2 21
cfi=(54) ./elf/./elf/dl-misc.c
cfn=(174) _dl_name_match_p
calls=7 68 
* 815
* 14
+4 12
+1 18
+4 2
-1 10
+1 2
+1 2
-1 2
+1 2
cfi=(32)
cfn=(90)
calls=2 108 
* 91
* 4
2329 27
2068 2
+1 2
-1 2
+1 2
-1 2
+1 2
-1 4
-44 2
+53 6
+17 4
-2 2
+2 2
cfi=(42) ./string/../sysdeps/x86_64/multiarch/../strchr.S
cfn=(118) index
calls=2 23 
* 48
* 4
2260 2
-1 3
cfn=(138) expand_dynamic_string_token
calls=1 385 
* 168
+2 1
-3 1
+1 1
+2 2
+4 5
cfn=(176) open_verify.constprop.1
calls=1 1568 
* 283
+3 2
-3 1
+3 1
+12 4
+46 1
+1 3
-1 1
+1 9
cfn=(184) _dl_map_object_from_fd
calls=1 944 
* 1819
-1 1
+1 3
-1 1
+1 9
cfn=(184)
calls=1 944 
* 2200
* 6
2098 2
cfi=(22)
cfn=(60)
calls=1 41 
* 17
* 2
+2 2
+7 4
+51 11
cfn=(216) open_path
calls=1 1870 
* 1656
+6 1
-6 1
+6 4
682 1
2165 1
682 2
2252 2
+28 4
+2 4
2111 1
696 3
2111 1
+1 1
696 2
2116 3
682 1
2117 1
682 2
2173 1
+14 2
+2 3
+4 2
cfi=(68) ./elf/./elf/dl-cache.c
cfn=(222) _dl_load_cache_lookup
calls=1 416 
* 1351
* 1
+2 2
+4 2
+8 3
+23 6
cfn=(218) open_verify.constprop.0
calls=1 1568 
* 396
+4 2
-4 1
+4 1
+1 2
2131 5
+1 10
682 1
2133 1
682 2
2157 3
+1 2
-16 2

fn=(138)
385 14
241 2
385 2
241 2
385 2
241 2
cfi=(42)
cfn=(118)
calls=2 23 
* 72
+3 4
410 2
-11 2
+11 12
-11 2
cfi=(45)
cfn=(140)
calls=2 40 
* 168

fn=(134) fillin_rpath.isra.0
468 7
+4 1
-4 8
+6 3
cfi=(7) ./elf/./elf/dl-minimal.c
cfn=(136) strsep
calls=1 239 
* 240
* 3
cfi=(7)
cfn=(136)
calls=1 239 
* 8
* 6
+7 2
+2 3
cfn=(138)
calls=1 -98 
* 118
* 1
+4 2
+5 2
cfi=(22)
cfn=(60)
calls=1 41 
* 17
* 1
+1 2
+7 5
+9 15
+1 8
+55 2
fi=(28)
50 2
cfi=(27)
cfn=(144)
calls=1 +45 
* 5
+1 1
fe=(31)
528 2
+4 3
fi=(28)
56 1
cfi=(27)
cfn=(76)
calls=1 -21 
* 25
* 1
fe=(31)
534 2
+5 1
+1 2
-1 1
-1 1
+2 1
cfi=(29)
cfn=(128)
calls=1 199 
* 13
+3 1
-3 1
+1 1
+2 1
+6 1
+1 1
-1 3
+1 11
+1 1
-1 1
+1 2
-1 2
+1 1
-1 1
+1 2
-1 6
+1 1
-1 1
+1 1
-1 3
+1 1
-1 2
+3 1
+1 1
-1 1
+1 2
+1 1
+6 2
+1 2
-57 4
+66 1
+3 8
-46 4

fn=(88) _dl_process_pt_gnu_property
868 3
+8 3
-8 3
+8 3
-6 3
+12 6
-13 3
+13 3
-13 3
+13 6
+3 9
+1 6
+1 6
+43 3

fn=(176)
1568 11
+39 3
+19 4
cfi=(55) ./io/../sysdeps/unix/sysv/linux/open64_nocancel.c
cfn=(178) __open_nocancel
calls=1 28 
* 19
* 1
+2 2
+11 1
+6 2
-5 1
+5 8
cfi=(56)
cfn=(180)
calls=1 25 
* 6
+2 2
+2 2
+2 2
+6 2
+17 11
fi=(28)
50 2
cfi=(27)
cfn=(144)
calls=1 +45 
* 5
fe=(31)
1856 9
1674 3
+74 2
+5 2
+2 4
+6 2
+6 1
+1 1
-1 3
+1 1
-1 1
+1 2
+1 2
+20 3
+31 1
-31 1
1633 1
1820 2
-31 66
+1 28
+1 8
+4 8
+25 12
+3 18
+3 2
-4 2
+4 4
+6 4
-36 6

fn=(184)
944 20
+10 2
-10 8
+10 2
cfi=(46) ./elf/./elf/dl-debug.c
cfn=(186) _dl_debug_update
calls=2 38 
* 14
* 2
+7 8
+85 8
+10 4
+7 14
cfi=(26)
cfn=(70)
calls=2 59 
* 766
* 2
+1 4
+11 4
+5 2
-5 2
+1 4
+1 2
+2 2
-2 2
+2 4
+1 6
+1 2
+19 2
-2 1
+2 12
-2 1
+2 30
+10 8
+85 2
-58 2
-34 2
-1 2
+93 2
+6 2
-64 4
+9 2
+55 4
-55 2
-42 2
+97 4
1101 2
-5 4
+15 60
+20 2
+1 1
-22 69
+1 127
1213 4
1110 2
1213 4
1110 6
1218 6
+10 4
+1 2
-1 2
+1 2
-1 6
+1 6
-1 6
+1 6
-1 18
1076 4
1235 4
+10 8
+7 4
fi=(61) ./elf/./dl-map-segments.h
96 2
fe=(31)
1252 6
fi=(61)
28 2
fe=(31)
1252 2
fi=(61)
96 2
fe=(31)
1252 2
fi=(61)
28 4
+1 16
cfi=(60)
cfn=(194)
calls=2 +18 
* 18
+74 4
-1 2
-73 2
+74 2
+3 4
+1 2
+2 2
-3 2
+1 2
+2 2
+17 2
+2 2
fi=(62) ./elf/./dl-load.h
-37 16
+1 6
+2 16
fi=(61)
+56 32
+8 2
-2 2
+1 2
+2 2
-1 2
+1 2
-1 6
+8 4
+3 4
+8 14
cfi=(44)
cfn=(132)
calls=2 -52 
* 237
+1 4
+5 4
+12 8
-59 40
+2 12
+3 6
-3 12
+2 48
cfi=(60)
cfn=(194)
calls=6 -93 
* 54
* 18
fi=(57) ./elf/../sysdeps/posix/dl-fileid.h
37 6
cfi=(58)
cfn=(190)
calls=2 -8 
* 30
* 4
fe=(31)
999 4
fi=(57)
40 6
fe=(31)
999 2
fi=(57)
40 2
fe=(31)
999 23
+1 10
fi=(57)
49 12
fe=(31)
1515 18
1018 4
+66 13
+1 2
-1 1
+1 1
-1 1
+1 1
cfi=(71)
cfn=(232)
calls=1 25 
* 7
* 2
+26 26
+26 48
+10 8
-1 8
-1 8
+2 8
+2 8
-2 8
-1 48
+2 16
+1 8
+2 8
-3 8
+3 48
+2 16
+4 16
+1 30
+4 6
+1 6
-1 6
+1 42
-18 6
+28 6
-11 2
+1 2
-1 2
+1 14
-18 2
+28 2
-56 4
+7 2
+2 2
-2 2
+1 2
+1 2
-1 4
+1 16
+50 3
+5 1
-1 2
+5 1
-5 2
-56 1
+61 4
+1 1
+3 1
-3 1
+8 4
+15 4
+1 2
+58 8
+1 6
fi=(63) ./elf/./elf/get-dynamic-info.h
39 4
+6 2
-2 2
+2 4
+9 2
+5 2
+3 2
+2 2
-3 2
-3 2
-3 28
+13 8
-23 32
+23 29
-23 116
+4 74
+5 40
+2 10
+3 8
+13 8
+10 7
+1 8
+1 8
+1 8
+2 8
+5 7
+1 7
+1 8
+3 6
+5 2
+7 4
+1 6
+22 6
+5 2
+2 2
+2 2
+2 2
+4 6
+2 3
+1 2
+9 2
+6 2
+4 4
fe=(31)
1275 4
+1 4
+2 4
+10 6
+19 6
+2 10
+52 6
+1 2
+6 16
+1 42
+6 8
cfn=(88)
calls=2 868 
* 40
-7 54
+1 25
+6 25
-6 50
fi=(30) ./elf/../sysdeps/x86/dl-prop.h
95 16
213 2
-1 4
105 4
212 2
105 2
-2 2
-3 2
+2 2
+3 2
-4 4
+92 8
-1 2
-87 6
+3 6
+1 4
+1 4
+4 6
+4 6
+3 6
+1 4
+4 2
+1 8
+58 6
+2 8
-56 6
+1 3
+3 6
+3 3
+1 12
+5 6
+2 6
+5 6
+14 3
-1 6
+2 2
-1 4
fe=(31)
1380 4
cfi=(64)
cfn=(204)
calls=2 25 
* 12
* 4
+13 4
+2 8
+2 4
+16 4
cfi=(8)
cfn=(14)
calls=2 25 
* 58
+4 4
+1 4
+17 4
+1 1
+3 1
+5 1
-5 1
+5 1
-5 1
+5 1
-5 1
+5 1
+10 4
+7 12
+10 4
+1 4
+5 2
cfi=(47)
cfn=(236)
calls=1 131 
* 10
+7 6
cfi=(26)
cfn=(82)
calls=2 31 
* 94
+3 8
+23 14
+1 6
cfi=(49)
cfn=(206)
calls=2 76 
* 10
* 2
fi=(62)
95 5
+2 1
-1 2
+1 1
-1 1
+1 1
-1 1
+1 1
-1 2
+3 4
fe=(31)
1506 10
fi=(30)
198 8
+2 2
+1 2
+2 2
-3 6
fe=(31)
1368 6
fi=(63)
62 8
+2 8
fe=(31)
1084 2
fi=(61)
187 8
cfi=(60)
cfn=(194)
calls=1 47 
* 9
+3 2
fe=(31)
1462 6
+2 1
-1 5
+1 1
-1 1
+1 1
-1 1
cfi=(32)
cfn=(90)
calls=1 108 
* 25
* 2
+2 5
1275 2
fi=(57)
49 3
fi=(30)
170 3
-39 2
fe=(31)

fn=(106) _dl_init_paths
706 11
+14 1
-14 2
+14 2
cfi=(38) ./elf/./elf/dl-hwcaps.c
cfn=(108) _dl_important_hwcaps
calls=1 175 
* 1847
fi=(28)
56 1
fe=(31)
720 1
fi=(28)
56 1
cfi=(27)
cfn=(76)
calls=1 -21 
* 25
fe=(31)
725 1
+2 2
+7 2
+1 2
-1 3
+5 3
fi=(28)
56 1
cfi=(27)
cfn=(76)
calls=1 -21 
* 25
fe=(31)
739 1
+2 4
+17 1
-10 1
+19 1
-11 1
-9 1
+9 1
+12 2
-10 1
+3 2
+9 1
-7 1
+4 1
+3 2
-3 1
-8 1
+3 1
+8 1
-3 1
+1 16
cfi=(44)
cfn=(132)
calls=4 125 
* 72
+2 18
-14 3
+10 3
+4 3
-12 3
-2 3
+2 3
+4 3
-3 3
+3 3
+1 3
-2 3
+5 6
+1 3
-4 3
+4 3
+15 1
+3 1
-15 1
+7 1
-1 1
+9 2
+2 4
+2 3
+36 5
+2 2
cfi=(22)
cfn=(60)
calls=1 41 
* 17
* 9
-19 1
-2 1
+2 2
+19 9
cfi=(29)
cfn=(80)
calls=1 212 
* 11
* 1
+5 4
-1 2
+2 1
+1 2
-2 4
+1 13
+1 26
-2 52
+5 1
fi=(28)
56 1
cfi=(27)
cfn=(76)
calls=1 -21 
* 25
fe=(31)
836 1
fi=(28)
56 1
fe=(31)
838 2
+6 6
cfn=(134)
calls=1 468 
* 587
+3 3
+6 1
+4 8
-35 2
+5 2

fn=(216)
1870 8
+1 1
-1 6
+1 1
+6 2
+5 16
-7 2
+7 1
-8 1
+8 2
+3 2
+9 6
+7 3
+1 1
-1 1
cfi=(29)
cfn=(128)
calls=1 199 
* 13
-12 1
+12 1
+59 5
-58 4
+3 20
+5 80
cfi=(29)
cfn=(128)
calls=10 199 
* 134
* 40
cfi=(29)
cfn=(128)
calls=10 199 
* 130
+3 20
+6 30
+3 60
cfn=(218)
calls=10 1568 
* 540
* 10
+2 30
+2 20
+65 8
+7 2
-2 2
+2 2
+3 3
-13 1
+27 9
1902 58
+29 20
+1 70
+6 20
+2 10
-2 10
+2 20
cfi=(67) ./io/../sysdeps/unix/sysv/linux/stat64.c
cfn=(220) stat
calls=10 28 
* 158
* 10
+3 10
-3 20
+1 1
+2 2
-2 1
+2 26
-61 2

fn=(218)
1568 121
+39 33
+19 44
cfi=(55)
cfn=(178)
calls=11 28 
* 239
* 11
+2 22
+11 1
+6 2
-5 1
+5 8
cfi=(56)
cfn=(180)
calls=1 25 
* 6
+2 2
+2 2
+2 2
+6 2
+17 11
fi=(28)
50 2
cfi=(27)
cfn=(144)
calls=1 +45 
* 5
fe=(31)
1856 99
1674 3
+74 2
+5 2
+2 4
+6 2
+6 1
+1 1
-1 3
+1 1
-1 1
+1 2
+21 3
+31 1
-31 1
1633 1
1820 2
-31 48
+1 24
+1 8
+4 8
+6 4
+1 28
+10 12
cfi=(71)
cfn=(232)
calls=2 25 
* 14
* 16
+8 18
+15 2
+6 1
-3 1
+1 1
+1 1
+1 2
-3 1
+1 1
+1 1
+2 1
-3 3
-1 1
+4 2
-19 18
+3 2
-4 2
+4 4
+5 1
+1 4
-60 13
+1 3
-1 1
+1 3
cfi=(71)
cfn=(232)
calls=1 25 
* 7
* 3
+16 5
1612 20
+62 3
1802 4
-30 2

fn=(212) _dl_dst_count
238 4
+3 2
-3 4
+7 2
-7 4
+3 2
cfi=(42)
cfn=(118)
calls=2 23 
* 72
+3 4
+20 14

fl=(43) ./string/../sysdeps/x86_64/memcmp.S
fn=(124) bcmp
22 1
+5 1
+1 1
+1 1
+1 1
+1 1
+1 1
+1 1
+1 1
+3 1
+1 1
+1 1
+1 1
+1 1
+1 1
+1 1
+1 1
+1 1
+2 1
+1 1
+17 1
+1 1
+17 1
+1 1
+1 1
+1 1
+1 1
+4 1
+47 1
+1 1
+1 1
+1 1
+1 1
+1 1
+1 1
+1 1
+1 1
+1 1
+1 1
+1 1
+1 1

fl=(53) ./setjmp/../sysdeps/x86_64/setjmp.S
fn=(168) __sigsetjmp
30 3
+2 3
+9 3
+1 6
+1 3
+4 3
+1 3
+1 3
+1 3
+1 3
+2 6
+2 3
+1 3
+1 3
+2 6
+2 3
+8 3
+3 3
+1 3
+7 3
+1 3

fl=(41) ./elf/./elf/dl-hwcaps_split.c
fn=(116) _dl_hwcaps_split_masked
51 55
-25 42
+4 24
+4 48
+1 12
-1 24
+2 24
+5 27
cfi=(42)
cfn=(118)
calls=9 -18 
* 216
+1 18
+3 6
+11 12
+1 12
+1 6
-1 6
+1 6
-2 6
+1 6
+1 3
-1 3
+1 27
cfn=(120) _dl_hwcaps_contains
calls=6 +8 
* 30
* 12
-3 5
+7 44
-19 6
cfi=(22)
cfn=(60)
calls=3 -2 
* 51
* 3

fn=(122) _dl_hwcaps_split
25 4
+1 3
+21 1
-20 1
+20 3

fn=(120)
66 6
+1 12
+1 6
+9 6

fl=(19) ./elf/../sysdeps/x86/dl-cacheinfo.h
fn=(46) handle_intel.constprop.0
255 24
-5 24
+16 12
-16 72
+13 12
+1 36
-3 24
+11 60
+5 24
+2 12
+1 12
-1 12
+5 48
cfn=(48) intel_check_word.constprop.0
calls=12 123 
* 3876
+2 24
+3 60
cfn=(48)
calls=12 123 
* 1156
+2 24
+3 5
cfn=(48)
calls=1 123 
* 20
+2 2
+3 5
cfn=(48)
calls=1 123 
* 255
+2 2
-35 3
+39 3
+5 96

fn=(48)
123 78
-4 78
+10 104
-10 26
+10 52
+2 52
+71 200
-71 102
+2 63
+2 126
+8 126
+51 102
+22 51
fi=(20) ./elf/../bits/stdlib-bsearch.h
28 51
-1 102
+4 102
+1 51
fe=(19)
+78 102
fi=(20)
-79 76
+1 38
fe=(19)
+78 76
+3 345
fi=(20)
-84 820
+2 512
+1 256
fe=(19)
+78 512
+15 15
246 104
fi=(20)
37 63
-8 151
fe=(19)
155 36
+3 36
-6 54
+3 14
+9 14
+23 19
-32 57
+3 57
+4 50
+2 100
+2 50
+2 36
+4 11
+2 22
+6 14
+3 8
+1 12
-8 4
+2 4
-1 4
-1 4
+2 8
-2 4
+3 12
-2 12
+2 8
-10 24
+1 10
+11 12
-26 4
+9 4
+23 2
-32 6
+3 6
+4 8
+2 16
+2 8
-11 3
+7 6
+2 12

fn=(52) get_common_cache_info.constprop.0
481 1
+17 1
-17 4
+16 1
-16 1
+15 1
-15 3
+18 1
-1 1
+9 2
+3 3
+11 1
-11 1
-5 1
+21 3
+4 2
681 4
+1 5
+4 2
+9 2
-2 1
+2 2
-1 1
+1 3
535 6
+3 8
+7 2
-7 9
+7 6
+3 26
+14 2
+4 1
+3 1
+1 1
-4 2
+3 3
+6 2
-37 6
+15 2
+4 1
+1 1
-1 2
+18 2
-68 6
+74 4
+8 7
+2 2
+4 3
+2 1
+2 5
-4 1
+16 1
-16 3
+21 2
-21 4
+3 1
+1 4
-4 1
+6 4
+3 2
+5 1
+2 2
+1 1
+1 1
-2 2
+1 1
-19 5
+46 2
+1 1
+1 2
+2 2
-1 3
-23 2
+7 1
+2 2
-16 1
+22 1
-6 2
+1 1
+5 1

fl=(144) ./elf/./elf/dl-init.c
fn=(474) _dl_init
77 12
+1 1
+1 1
+3 3
+8 2
+25 1
+1 5
+1 2
-86 4
+86 6
-86 12
+2 20
cfn=(476) call_init.part.0
calls=3 -7 
* 217
+83 12
+7 8
-92 4
+2 6
cfn=(476)
calls=1 -7 
* 61
+52 2

fn=(476)
26 32
+13 4
-13 4
+16 4
-3 8
+3 8
+5 6
+8 9
+1 6
cob=(2)
cfi=(51)
cfn=(478)
calls=1 -56 
* 26
+3 3
+1 6
+6 2
+2 2
-2 1
+3 7
+1 4
cob=(3)
cfi=(149) ./libio/./libio/vtables.c
cfn=(504) check_stdfiles_vtables
calls=1 +13 
* 12
* 4
cob=(3)
cfi=(146) ./csu/./csu/init-first.c
cfn=(496) _init_first
calls=1 -24 
* 98
-1 6
+3 24
-29 2

fl=(55)
fn=(178)
28 13
+3 13
-3 39
+3 78
+8 91
+2 3
-2 30
+2 10

fl=(39) ./elf/../sysdeps/x86_64/dl-hwcaps-subdirs.c
fn=(110) _dl_hwcaps_subdirs_active
29 1
fi=(18) ./elf/../sysdeps/x86/get-isa-level.h
+2 1
fe=(39)
+7 1
fi=(18)
-7 2
-1 2
fe=(39)
+22 1
fi=(18)
-20 3
+4 1
fe=(39)
+2 1
fi=(18)
-2 2
+3 4
+1 4
+5 1
fe=(39)
-7 1
fi=(18)
+7 3
fe=(39)
-2 1
fi=(18)
+5 2
+1 3
+2 4
+1 2
+1 2
+6 1
fe=(39)
-11 1
fi=(18)
+11 1
-3 2
fe=(39)

fl=(59)
fn=(192)
153 26
-55 26
+70 30
+1 4
-2 18
+1 18

fl=(50) ./string/../sysdeps/x86_64/strcspn.S
fn=(158) strcspn
25 1
+2 1
+7 1
+1 1
+2 1
+1 1
+1 1
+1 1
+1 33
+3 3
+7 1
+1 1
+1 1
+1 1
+2 1
+1 1
+1 1
+1 1
+2 1
+1 1
+1 1
+9 3
+12 1
+2 1
+1 1
+1 1
-4 12
+2 12
+1 12
+1 12
+2 13
+1 13
+1 13
+2 13
+1 13
+1 13
+2 13
+1 13
+1 13
+2 1
+1 1
+1 1
+2 1
+7 1
+4 1

fl=(46)
fn=(152) _dl_debug_state
116 2
+1 2

fn=(146) _dl_debug_initialize
56 1
+3 2
+4 1
-6 1
+4 1
+2 2
+22 2
+5 2
+1 1
+1 1
-1 1
-1 1
+5 2
+4 2
+8 2
-43 2
+32 6

fn=(186)
38 3
+3 3
-1 6
+4 6
+4 3

fl=(66) ./elf/./elf/dl-deps.c
fn=(210) _dl_map_object_deps
159 5
+1 3
-1 1
+1 1
-1 2
+1 1
-1 3
+1 1
-1 4
+1 12
-8 1
-7 1
+15 1
-14 1
+6 1
+8 1
-15 1
+7 1
-8 1
+1 1
+7 1
-7 1
+31 3
-28 3
-2 1
+31 1
-33 2
+2 2
+30 2
-30 1
-1 4
+7 4
+24 2
-32 1
+60 1
-60 2
+36 1
fi=(73) ./elf/../include/scratch_buffer.h
77 3
fe=(66)
198 1
fi=(73)
78 1
fe=(66)
200 2
+98 1
198 1
+4 1
+7 1
+4 4
-4 3
+4 12
+11 12
-18 2
+18 4
433 12
+2 2
+3 2
-3 4
+3 2
fi=(28)
56 2
cfi=(27)
cfn=(76)
calls=2 -21 
* 50
* 2
fe=(66)
439 4
+6 2
+1 10
cfi=(29)
cfn=(80)
calls=2 212 
* 22
+1 10
cfi=(29)
cfn=(80)
calls=2 212 
* 22
+4 2
-1 2
+5 16
204 9
458 9
-1 4
+1 8
199 3
+27 10
+5 2
+6 2
-5 2
-1 2
+2 4
+4 8
-31 2
+31 2
+1 6
+6 8
cfi=(31)
cfn=(212)
calls=2 -6 
* 108
* 6
+4 4
-2 2
+2 4
cob=(2)
cfi=(51)
cfn=(164)
calls=2 0 
* 6777
+1 4
+9 2
+2 4
+5 10
+6 2
+2 2
-8 4
+3 2
+1 2
+1 2
+1 2
+4 10
+4 6
+1 3
-43 200
+1 96
+44 144
-38 4
fi=(73)
85 3
fe=(66)
464 6
+1 1
+3 4
+11 3
fi=(28)
56 1
cfi=(27)
cfn=(76)
calls=1 -21 
* 25
* 1
fe=(66)
481 2
+5 3
+1 1
-1 2
+4 2
-2 1
+2 1
-2 2
+11 3
+5 3
-14 9
-2 3
+4 3
+7 3
-2 6
-5 1
+7 1
-2 2
+2 2
+5 1
-14 6
+17 2
+52 3
+37 3
+15 1
-11 1
+11 1
-14 2
+20 1
-1 3
+1 3
-1 5
cfi=(12)
cfn=(244)
calls=1 288 
* 260
+5 1
+3 1
-1 1
+2 2
+7 3
+3 3
+3 8
214 25
+3 2
fi=(73)
-86 6
cfi=(72) ./malloc/./malloc/scratch_buffer_set_array_size.c
cfn=(238) __libc_scratch_buffer_set_array_size
calls=2 30 
* 40
fe=(66)
+86 4
+4 6
611 2
cfi=(29)
cfn=(80)
calls=1 212 
* 11
* 1
-53 2
160 2
380 6

fn=(214) openaux
61 6
+7 2
-4 4
+1 2
-1 16
cfi=(31)
cfn=(172)
calls=2 2022 
* 6619
* 2
+5 4

fl=(25) ./elf/./elf/dl-environ.c
fn=(68) _dl_next_ld_env_entry
28 3
+1 3
+3 77
+13 67
-13 134
+2 138
+1 20
+5 2
-3 2
+3 2
+2 2
+7 1

fl=(133) ./elf/../sysdeps/nptl/dl-mutex.c
fn=(432) __rtld_mutex_init
30 2
+10 3
-10 1
+10 2
-10 1
+7 1
+3 2
cfi=(134)
cfn=(434)
calls=1 +34 
* 175
+4 2
+1 8
+2 3
-2 1
+2 3
cfi=(134)
cfn=(434)
calls=1 +27 
* 198
+4 2
+1 6
+1 2
-1 1
+1 2

fl=(1) ???
fn=(0) 0x00000000000202b0
0 2
cfi=(2)
cfn=(2) _dl_start
calls=1 527 
0 165142
0 14
cfi=(144)
cfn=(474)
calls=1 77 
0 379
0 3
cob=(5)
cfi=(150)
cfn=(508)
calls=1 0 
0 2740851955

fl=(44)
fn=(132)
125 7
+1 35
+6 7
+1 7
+1 7
+1 7
+2 1
+1 1
+1 1
+65 4
+1 4
+2 4
+76 6
+1 6
+5 6
+3 6
+1 6
+3 2
+1 2
+13 2
+1 2
+2 2
+3 1
+3 2
+3 1
+1 1
+1 1
+1 1
+1 1
+1 1
+1 1
-6 27
+1 27
+1 27
+1 27
+1 27
+1 27
+1 27
+3 2
+1 2
+1 2
+1 2
+5 2

fl=(72)
fn=(238)
30 20
+4 2
+1 4
+11 2
-1 4
+18 8

fl=(13)
fn=(100) _dl_discover_osversion
46 5
+2 3
+85 5
-45 2
cfi=(36)
cfn=(102)
calls=1 +32 
* 6
+15 1
-15 2
+20 1
-1 1
+3 12
+4 3
-2 6
+2 10
+3 1
-1 1
+1 3
-3 4
+7 3
-1 3
+4 3
-2 3
+2 10
+5 2

fl=(208) ./elf/./elf/dl-fini.c
fn=(798) _dl_fini
31 9
+20 3
-3 7
+3 4
+3 2
cob=(3)
cfi=(209) ./nptl/./nptl/pthread_mutex_lock.c
cfn=(800) pthread_mutex_lock@@GLIBC_2.2.5
calls=1 +23 
* 43
+2 1
+3 2
+2 6
+7 2
-2 1
+2 1
cfi=(49)
cfn=(466)
calls=1 -28 
* 21
+5 14
+5 1
-5 1
+5 3
+2 8
+2 8
+2 8
+1 4
+1 4
+4 4
-12 12
+14 6
+1 4
+6 5
cfi=(12)
cfn=(244)
calls=1 288 
* 300
+9 2
cob=(3)
cfi=(210) ./nptl/./nptl/pthread_mutex_unlock.c
cfn=(802) pthread_mutex_unlock@@GLIBC_2.2.5
calls=1 367 
* 34
+5 6
+2 1
+2 3
-2 3
+2 9
+3 8
+3 12
+4 2
+11 4
+1 1
+1 2
+1 5
+1 2
cob=(5)
cfi=(150)
cfn=(804)
calls=1 0 
* 92
-1 5
+5 3
+1 6
cob=(2)
cfi=(51)
cfn=(830)
calls=1 0 
* 110
cob=(2)
cfi=(51)
cfn=(826)
calls=1 0 
* 4
+6 8
cfi=(49)
cfn=(828)
calls=4 -57 
* 20
+5 4
-45 12
+49 3
cfi=(49)
cfn=(466)
calls=1 40 
* 21
* 2
-38 9
+3 2
+41 6
+6 2
+7 8
73 2

fl=(65) ./io/../sysdeps/unix/sysv/linux/access.c
fn=(208) access
25 1
+2 7
+4 1

fl=(38)
fn=(108)
175 5
+1 1
-1 6
+1 1
-1 1
+1 1
-1 1
+1 1
-1 1
+1 2
cfi=(10)
cfn=(24)
calls=1 402 
* 21
* 1
+2 2
+1 3
+26 2
-26 1
+25 1
cfi=(39)
cfn=(110)
calls=1 29 
* 47
fi=(40) ./elf/./dl-hwcaps.h
54 1
fe=(38)
205 1
-1 1
fi=(40)
56 1
+32 1
+1 1
+1 1
fe=(38)
-35 2
cfi=(41)
cfn=(116)
calls=1 -4 
* 13
* 2
fi=(40)
-1 1
+2 2
-2 1
+34 2
+1 2
+1 1
fe=(38)
-32 2
-1 2
+1 2
+1 2
-1 2
-3 4
cfi=(41)
cfn=(116)
calls=2 -4 
* 114
* 2
cfi=(41)
cfn=(116)
calls=1 -4 
* 122
* 6
+48 5
fi=(28)
-47 1
cfi=(27)
cfn=(76)
calls=1 -21 
* 25
fe=(38)
+47 1
+2 2
+3 2
fi=(40)
-52 1
fe=(38)
+55 1
-3 1
fi=(40)
-54 2
+3 1
fe=(38)
+58 2
cfi=(41)
cfn=(122)
calls=1 -90 
* 12
* 2
fi=(40)
-61 1
+2 2
-2 1
+34 2
+1 2
+1 1
fe=(38)
+40 4
+1 2
-1 6
+2 2
+1 2
-2 6
-3 4
cfi=(41)
cfn=(116)
calls=2 -77 
* 114
* 2
cfi=(41)
cfn=(116)
calls=1 -77 
* 122
* 6
+8 2
+9 1
-15 1
+15 2
-15 1
+15 8
+9 2
+4 7
cfi=(43)
cfn=(124)
calls=1 22 
* 41
+1 2
+1 1
+4 1
+1 2
+1 1
-20 2
+19 1
+1 1
-20 2
-1 4
+70 1
+1 1
+4 1
-5 2
+1 4
+4 2
-4 1
+4 4
+1 1
-1 1
+1 2
+1 2
-2 5
+1 1
-1 1
+1 2
+1 2
-2 5
+5 1
+3 2
-3 2
+3 15
+7 1
-7 2
+2 3
+1 4
+2 1
fi=(218) ./elf/../sysdeps/x86/dl-hwcap.h
57 1
fe=(38)
233 2
fi=(218)
57 1
fe=(38)
233 2
fi=(218)
57 1
fe=(38)
233 1
+1 1
cfi=(22)
cfn=(60)
calls=1 41 
* 17
+1 1
+1 1
-6 1
+4 1
+1 1
-5 1
+5 1
+1 1
-1 2
-5 4
+10 3
-2 3
+2 1
+1 1
+1 1
-1 1
+4 4
+1 1
-1 1
+4 2
+4 1
-1 1
+1 4
-1 2
+4 3
+1 3
+19 10
+6 2
fi=(28)
56 1
cfi=(27)
cfn=(76)
calls=1 -21 
* 25
* 1
fe=(38)
283 2
+8 1
fi=(40)
54 1
+2 1
+34 1
-2 2
fe=(38)
-5 1
291 1
fi=(40)
54 1
+35 1
fe=(38)
291 1
fi=(40)
90 1
fe=(38)
-10 2
cfi=(41)
cfn=(116)
calls=1 -29 
* 13
* 2
fi=(40)
-26 2
+2 1
fe=(38)
+27 1
fi=(40)
-29 1
+34 2
+1 2
+1 1
fe=(38)
-8 2
+1 4
+7 2
-7 10
cfi=(29)
cfn=(128)
calls=2 199 
* 26
+4 2
+2 2
+2 2
-2 4
-9 4
cfi=(41)
cfn=(116)
calls=2 -29 
* 114
* 2
cfi=(41)
cfn=(116)
calls=1 -29 
* 122
* 6
304 1
+2 1
-2 1
-48 2
+72 1
-72 1
376 2
+13 2
-58 1
+45 1
+13 1
-58 1
-75 1
+82 1
+10 2
-92 1
+88 1
+4 3
-4 1
+3 7
-3 2
-3 1
+3 1
cfi=(29)
cfn=(128)
calls=1 199 
* 18
* 2
-3 1
+3 1
cfi=(29)
cfn=(128)
calls=1 199 
* 18
* 2
+3 2
-3 4
+3 5
+1 12
+1 2
-2 1
+2 1
cfi=(29)
cfn=(128)
calls=1 199 
* 15
* 2
-2 2
+5 8
cfi=(29)
cfn=(128)
calls=2 199 
* 30
* 4
+2 5
+5 6
+1 1
-1 3
+1 7
-1 25
+5 11
+4 1
-1 1
+1 2
-4 12
+4 2
-1 2
+1 13
-1 9
+1 18
+1 24
-1 12
-1 12
+2 24
-1 24
-1 24
+4 9
+3 1
+2 2
-1 1
-1 1
+2 1
-2 1
+2 2
-1 1
+1 2
+2 6
+1 2
+3 2
-6 2
+6 3
+7 8
+1 1
-1 2
+3 2
-3 3
+1 3
-1 6
+3 6
+3 4
-80 2
+86 9
-20 1
+1 2
-6 3
259 2
+1 2
+1 4
-1 3
+12 4
-44 2
+34 4
-2 3

fl=(74) ./elf/./elf/dl-version.c
fn=(252) _dl_check_all_versions
361 6
+4 5
-2 2
+4 24
cfn=(254) _dl_check_map_versions
calls=4 155 
* 3766
-2 4
+2 12
-1 4
-1 8
+5 7

fn=(254)
155 32
+15 4
-15 8
+15 8
+2 20
+2 4
+1 4
-1 4
+1 4
+2 8
+3 4
-16 2
-8 2
+28 2
-4 2
+4 4
+16 2
36 4
200 2
36 10
+1 5
-1 10
+2 21
cfi=(54)
cfn=(174)
calls=7 +30 
* 805
* 14
208 6
+5 2
-71 4
+71 6
+8 2
-2 2
-2 4
+4 2
-4 12
+4 6
-2 6
-2 12
+4 6
-4 61
56 32
+8 24
+6 24
+16 8
+1 16
+2 8
+5 72
+14 150
+12 201
+4 67
-30 134
224 32
+3 24
+5 6
-11 6
110 8
+3 32
cfi=(32)
cfn=(90)
calls=8 -5 
* 241
* 34
236 8
+14 4
+3 8
+10 42
-7 168
+3 126
-3 8
+3 6
+8 6
+6 3
fi=(28)
44 3
fe=(74)
273 3
fi=(28)
44 3
cfi=(27)
cfn=(72)
calls=3 +34 
* 108
fe=(74)
272 3
fi=(28)
44 3
fe=(74)
274 6
+13 3
-3 3
+3 12
+2 9
+3 8
+4 6
+7 8
+1 8
-1 24
+1 8
+1 8
-2 8
+2 16
+1 24
+3 24
+5 6
-15 6
+2 6
-2 6
+2 6
-2 6
+2 12
-2 2
+2 2
-2 2
+2 2
-2 2
+2 4
+16 6
+39 36
-29 9
+3 8
+4 42
+6 42
+1 42
+1 42
-1 126
+1 42
-1 42
+1 42
+1 42
+3 126
+4 42
-14 88
+10 6
164 2
+86 2
-94 2
+94 3

fl=(76) ./elf/../sysdeps/x86/dl-cet.c
fn=(268) _dl_cet_check
252 8
42 1
+9 1
-10 1
+4 1
-4 1
+3 1
+4 2
+1 2
-1 2
+14 2
254 8

fl=(42)
fn=(118)
23 15
+1 15
+1 15
+1 15
+1 15
+1 15
+1 15
+1 15
+1 15
+1 15
+1 15
+1 15
+1 15
+1 15
+1 15
+1 15
+1 15
+1 15
+1 13
+4 13
+1 13
+1 13
+1 13
+2 13
+4 2
+1 2
+1 2
+1 2
+1 2
+1 2
+1 2
+1 2
+1 2
+1 2
+1 2
+1 2
+1 2
+1 2
+1 2
+1 2
+1 2
+1 2
+1 2
+1 2
+1 2
+1 2
+1 2
+1 2
+52 2
+4 2
+1 2
+1 2
+1 2
+2 2

fl=(52)
fn=(162)
225 10
+2 2
cob=(2)
cfi=(51)
cfn=(164)
calls=1 0 
* 2759
+1 2
+1 1
+1 1
-1 1
+1 1
+2 5

fn=(166)
175 9
+5 3
-5 9
+5 3
-2 6
+22 3
-1 3
+7 6
-6 3
+3 6
+3 3
cfi=(53)
cfn=(168)
calls=3 30 
* 72
* 12
+2 9
cfi=(66)
cfn=(214)
calls=2 61 
* 6655
cfi=(2)
cfn=(170) map_doit
calls=1 663 
* 2698
+2 3
-1 3
+1 3
-1 3
+1 6
+9 12

fn=(248) _dl_receive_error
238 6
+1 1
+1 1
+3 1
+1 1
+2 1
cfi=(2)
cfn=(250) version_check_doit
calls=1 696 
* 3849
+2 1
+1 1
+1 4

fl=(78)
fn=(282) check_match
70 109
+3 109
-3 1308
+3 432
+13 107
-13 107
+13 107
-13 107
+13 321
+3 398
cfi=(32)
cfn=(90)
calls=46 +19 
* 2218
* 92
+4 107
+1 214
+2 210
+19 210
+1 840
-38 107
+84 642
-18 4
+2 4
+1 2
-1 4
+1 6
-1 4
+16 12
-45 315
cfi=(32)
cfn=(90)
calls=105 -9 
* 2715
* 210
-44 8
+82 4

fn=(280) do_lookup_x
363 912
+1 114
-1 570
+48 114
-30 228
-11 114
+41 114
-30 342
+30 114
fi=(79) ./elf/../sysdeps/generic/dl-protected.h
44 342
fe=(78)
381 114
fi=(79)
44 456
fe=(78)
395 1059
+4 353
+4 353
-3 353
+3 1412
+1 1059
+3 353
+1 706
+7 353
-3 706
-2 353
+5 1412
+3 2471
570 744
374 710
+3 710
+4 722
+4 706
+4 706
+88 214
fi=(4)
137 214
+1 321
fe=(78)
528 214
fi=(79)
29 214
fe=(78)
535 816
+16 214
+1 107
+1 214
422 452
-1 226
+2 226
+2 1356
+13 459
-10 1300
+3 109
-1 218
+1 109
-1 109
+2 218
-1 1308
cfn=(282)
calls=109 70 
* 11033
+4 327
+3 4
573 7
+1 912
-35 30
-70 12
171 42
452 856

fn=(278)
840 1140
+10 114
-10 228
+10 114
-10 114
+10 114
204 114
840 114
204 570
581 456
-1 228
+2 114
-1 114
+1 342
-1 342
+1 1373
-1 1373
+1 4119
-1 4119
+2 114
846 114
-4 114
+1 114
+7 114
-8 114
+1 114
+7 429
+3 114
+2 228
-2 114
+6 228
-7 684
+7 35
+1 1596
cfn=(280)
calls=114 363 
* 40616
* 342
+28 114
-23 114
+23 114
-23 228
+24 626
+7 107
-7 107
+40 428
+79 214
-65 321
+3 321
-62 114
+69 1026
-86 42
+18 21
+59 2

fl=(68)
fn=(222)
416 10
+2 2
+3 3
+74 1
208 1
495 2
+3 3
fi=(70) ./elf/../sysdeps/x86/dl-procinfo.h
39 2
+3 3
cfi=(32)
cfn=(90)
calls=1 +66 
* 25
* 4
fe=(68)
212 6
cfi=(10)
cfn=(24)
calls=1 402 
* 21
* 1
+16 2
-16 1
+6 2
+10 1
-7 5
+9 3
+1 1
-37 2
+37 1
+4 2
-5 24
+1 8
-37 16
+37 8
+4 16
+4 27
cfn=(230) _dl_cache_libcmp
calls=9 370 
* 654
+1 18
359 8
+3 10
228 10
360 3
228 9
+2 5
+20 2
+3 2
+2 4
cfn=(230)
calls=1 370 
* 74
* 2
-7 2
-30 2
+1 1
+95 1
-95 1
-1 8
+96 3
-47 2
+10 2
+1 3
fi=(69) ./elf/../sysdeps/generic/dl-cache.h
125 5
fe=(68)
294 2
+9 2
+3 2
+2 3
+1 2
+5 2
+1 4
+7 2
+21 4
513 2
+12 2
cfi=(22)
cfn=(60)
calls=1 41 
* 35
* 12
+1 1
-1 1
+1 1
-1 1
+1 1
cfi=(29)
cfn=(80)
calls=1 212 
* 11
* 1
+1 1
cfi=(45)
cfn=(140)
calls=1 40 
* 89
+1 8
-3 2
424 4
cfi=(54)
cfn=(224) _dl_sysdep_read_whole_file
calls=1 36 
* 91
* 1
+8 5
+1 8
+3 4
+1 1
-1 3
fi=(69)
194 1
+1 5
fe=(68)
444 1
+1 2

fn=(468) _dl_unload_cache
537 1
+1 4
-1 1
+3 2
cfi=(128)
cfn=(470) munmap
calls=1 117 
* 6
+1 1
+4 1
+2 2

fn=(230)
370 10
+1 10
+32 10
-33 20
+1 22
+2 48
+2 48
-2 96
+20 94
+2 94
-12 38
+2 38
+14 38
+1 38
-29 76
+32 3
-28 2
+8 1
-2 2
+1 2
-1 1
+2 3
+2 1
-3 1
+3 3
+2 2
+9 27

fl=(134)
fn=(434)
74 30
+2 3
-2 3
+4 3
-4 3
+2 3
+2 9
+37 3
-37 9
+1 6
+2 12
+3 25
-52 3
+54 6
-54 3
+54 3
-54 9
+1 9
+2 6
+1 6
+12 12
+3 3
+2 3
-2 3
+2 9
cfi=(32)
cfn=(90)
calls=3 +55 
* 207
* 6
+4 6
+1 3
-1 3
+1 18
+1 9
cfi=(32)
cfn=(90)
calls=3 +49 
* 75
* 6
+57 27
-23 6

fl=(10)
fn=(54) __GI___tunable_set_val
157 15
-55 5
+55 5
-55 5
+55 5
-55 35
+9 5
+1 5
fi=(219) ./elf/./dl-tunable-types.h
-22 10
fe=(10)
+22 20
+1 40
fi=(11) ./elf/./elf/dl-tunables.h
+8 10
+1 5
fe=(10)
-6 15
fi=(11)
+15 5
fe=(10)
-12 10
+4 10
+7 10
+1 10
+3 30
+1 5
+1 5
+1 5
+24 5
fi=(11)
-30 15
fe=(10)

fn=(18)
279 9
-9 9
71 350
+6 69
-3 138
+3 6511
+4 138
+5 138
fi=(11)
+54 69
fe=(10)
-54 276
fi=(11)
+55 180
-1 147
+1 42
-1 69
+1 138
fe=(10)
320 276
-18 9660
+6 15180
fi=(11)
140 621
+1 1242
-1 84
+1 336
-1 420
fe=(10)
354 8
74 138

fn=(24)
402 33
+3 231
+9 33
-9 126
+9 10
+17 165
+2 33
-9 23
+1 23

fl=(67)
fn=(220)
28 20
+1 40
cfi=(59)
cfn=(192)
calls=10 153 
* 98

fl=(54)
fn=(174)
68 84
+1 28
cfi=(32)
cfn=(90)
calls=14 +39 
* 500
* 28
+3 14
+2 28
+6 15
-6 30
+1 54
cfi=(32)
cfn=(90)
calls=18 +33 
* 733
* 36
+8 3
-13 3
+13 20
-1 11
+1 33

fn=(224)
36 2
+3 1
-3 6
+3 1
-3 1
+3 1
cfi=(55)
cfn=(178)
calls=1 -11 
* 19
+1 2
+23 7
-21 4
cfi=(58)
cfn=(190)
calls=1 -13 
* 15
* 2
+2 2
+3 2
+13 2
cfi=(64)
cfn=(204)
calls=1 -35 
* 6
* 1
-11 6
cfi=(60)
cfn=(194)
calls=1 -2 
* 9
* 2

fl=(2)
fn=(256) init_tls
756 3
+2 1
+4 1
-4 1
+4 2
+11 1
fi=(28)
44 1
fe=(2)
768 1
+4 1
fi=(28)
44 1
cfi=(27)
cfn=(72)
calls=1 +34 
* 36
fe=(2)
783 1
-12 1
+6 1
-9 1
+11 1
+4 1
+2 3
-1 2
+3 8
+4 1
+2 1
-2 2
-5 1
-1 2
+10 3
+3 2
cfi=(47)
cfn=(258)
calls=1 97 
* 79
+3 1
cfi=(47)
cfn=(260)
calls=1 221 
* 76
+7 1
cfi=(47)
cfn=(262)
calls=1 422 
* 442
* 1
+1 2
+6 1
+3 2
-3 1
+3 6
+3 1
cfi=(24)
cfn=(264)
calls=1 68 
* 75
+1 1
+3 5
-39 3
-1 7

fn=(2)
527 10
85 1
fi=(6)
-40 1
fe=(2)
557 1
-4 1
85 2
556 1
85 1
fi=(3) ./elf/./get-dynamic-info.h
-40 1
fe=(2)
556 1
fi=(3)
45 2
+9 1
+5 1
+3 1
+2 1
+4 1
-7 1
-3 1
-3 14
+13 4
-23 16
+23 14
-23 56
+4 36
+5 20
+2 5
+3 4
fi=(4)
+21 1
fi=(3)
-8 3
+10 4
+1 4
+1 4
+1 4
+2 4
+5 4
+1 4
+1 4
+3 3
+5 2
+7 3
+1 3
+8 2
+1 2
+5 3
+3 3
fe=(2)
573 1
fi=(6)
71 1
fe=(2)
573 42
fi=(6)
414 1
fi=(5)
86 1
fe=(2)
573 2
fi=(5)
49 1
+37 1
-37 1
+37 1
+2 1
-2 1
+2 1
-2 1
+27 2
-27 1
fe=(2)
573 2
fi=(5)
49 1
+37 1
-37 1
+37 1
+2 1
-2 1
+2 1
-2 1
+27 3
+1 2
fi=(6)
534 2
fi=(5)
114 282
fi=(6)
534 282
+1 142
fi=(5)
113 142
fi=(6)
535 284
fi=(5)
113 284
+5 4
+8 7
fi=(6)
326 12
fi=(5)
126 21
+2 7
+2 7
-2 7
fi=(6)
287 7
fi=(5)
130 7
-2 7
+1 14
fi=(6)
287 14
+9 70
+3 14
+27 33
fe=(2)
573 6
fi=(5)
50 1
fi=(4)
+30 2
fi=(6)
326 2
+20 12
+1 6
fe=(2)
575 1
+13 1
cfi=(7)
cfn=(12) __rtld_malloc_init_stubs
calls=1 42 
* 10
+4 2
85 1
488 2
85 3
488 1
cfi=(8)
cfn=(14)
calls=1 25 
* 29
+2 2
-1 1
+1 2
+17 1
-15 1
-2 1
+17 1
-15 1
+9 1
-11 1
+17 1
cfi=(9)
cfn=(16)
calls=1 85 
* 163049
* 1
+2 2
+98 9
fi=(3)
62 4
+2 4
fe=(2)
573 3

fn=(250)
696 3
+2 4
cfi=(74)
cfn=(252)
calls=1 361 
* 3838
* 2
+4 2

fn=(156) handle_preload_list
894 10
+5 1
-5 2
+5 2
+6 1
-64 1
+54 3
+7 3
cfi=(50)
cfn=(158)
calls=1 25 
* 233
* 1
+1 3
+9 1
191 1
914 2
191 2
916 2
-80 1
+5 5
-10 1
+8 1
-4 1
+1 1
+1 1
+4 1
cob=(2)
cfi=(51)
cfn=(160)
calls=1 0 
* 2784
+1 3
+8 3
+67 1
-18 2
+21 9
-15 4
cfi=(29)
cfn=(80)
calls=1 212 
* 19
+1 2

fn=(170)
663 2
+2 1
-2 1
+2 1
+1 2
-1 2
+1 3
cfi=(31)
cfn=(172)
calls=1 2022 
* 2683
* 1
+2 2

fn=(64)
1320 2
205 1
311 1
1320 2
2818 1
1320 3
2829 1
1320 2
2698 1
1320 2
311 1
1320 3
207 1
310 1
205 1
+99 3
1332 1
cfi=(24)
cfn=(66)
calls=1 53 
* 17
2677 3
+6 5
-4 1
+4 1
+2 3
cfi=(25)
cfn=(68)
calls=1 28 
* 65
* 4
cfi=(25)
cfn=(68)
calls=2 28 
* 386
* 9
+4 6
-2 2
+2 6
+1 2
-1 6
+1 17
-1 89
+9 12
2845 4
+32 2
1348 1
+1 2
-1 2
+1 2
2774 3
+1 3
-56 2
+7 2
1627 9
cfi=(26)
cfn=(70)
calls=1 59 
* 230
* 1
+2 2
+1 1
+6 2
-6 1
+1 2
+1 3
+4 1
cfi=(26)
cfn=(82)
calls=1 31 
* 36
+1 2
1140 1
1326 1
1169 1
-29 1
+11 1
+18 2
-21 1
+21 1
-19 1
-4 1
+23 1
-21 1
+21 2
+57 1
-83 1
+23 1
+4 1
+19 1
+22 1
+15 5
-56 116
1275 4
+2 1
1169 18
fi=(30)
105 2
fe=(2)
1282 22
+6 4
cfi=(31)
cfn=(88)
calls=1 868 
* 20
-7 26
+1 13
+6 13
-6 26
fi=(30)
212 4
+1 2
95 8
+10 2
212 1
105 1
-2 1
-3 1
+2 1
+3 1
-4 2
+92 4
-1 1
-87 3
+3 3
+1 2
+1 2
+4 3
+4 3
+3 3
+1 2
+4 1
+1 4
+58 3
+2 4
-56 4
+1 2
+3 4
+3 2
+1 8
+5 4
+2 4
+5 4
+14 2
-1 4
+2 2
fe=(2)
1174 1
-5 1
+5 2
-5 2
+30 1
-9 1
+27 1
-27 1
+2 1
-3 1
+10 2
-20 2
-10 1
+10 1
+1 9
-11 2
+57 4
-1 4
+1 8
-1 4
+2 8
+1 1
+2 12
+1 14
+4 8
+1 8
+1 4
+1 10
+1 1
+4 1
-74 1
+74 2
-74 2
+74 3
-74 3
+74 6
-74 6
fi=(30)
165 2
fe=(2)
1271 1
1169 1
1271 1
1169 2
1294 1
+3 2
+2 1
-5 2
+3 2
+2 2
+2 2
1662 3
+2 1
-1 1
+1 2
+1 2
-2 1
+2 1
-2 2
cfi=(32)
cfn=(90)
calls=1 108 
* 34
* 2
+7 1
+3 1
-5 1
+3 1
+2 1
+1 2
+4 2
+2 2
fi=(3)
39 3
+6 1
-2 1
+2 2
+9 1
+5 1
+3 1
+2 1
-3 1
-3 1
-3 17
+13 5
-23 20
+23 21
-23 84
+4 52
+5 24
+2 5
+16 3
+25 3
+5 2
+7 2
+1 3
+22 3
+5 2
+2 2
+2 2
+2 2
+1 1
+3 3
+2 3
+1 2
+9 2
+6 2
+1 2
+3 2
fe=(2)
1688 3
+7 2
cfi=(8)
cfn=(14)
calls=1 25 
* 29
+3 2
fi=(33) ./elf/./setup-vdso.h
24 2
fi=(35) ./elf/../sysdeps/unix/sysv/linux/dl-vdso-setup.h
+21 1
fe=(2)
1723 1
cfi=(13)
cfn=(100)
calls=1 46 
* 90
* 8
fi=(37) ./elf/./dl-main.h
109 5
cfi=(31)
cfn=(106)
calls=1 706 
* 2926
fe=(2)
1731 3
cfi=(46)
cfn=(146)
calls=1 56 
* 30
+7 1
-7 1
+2 1
+5 1
+4 1
+3 1
-3 3
+1 2
+3 1
+5 1
-7 1
+7 1
+1 3
+12 2
+1 2
+5 1
-3 2
+2 1
+1 2
+5 3
+1 5
-1 2
233 1
-1 1
+1 3
+1 2
-2 1
+2 2
1793 2
+5 1
-1 1
+1 1
+24 1
cfi=(47)
cfn=(148)
calls=1 197 
* 6
* 1
fi=(48) ./elf/../sysdeps/generic/dl-debug.h
29 3
+1 2
fe=(2)
1828 2
+1 1
cfi=(46)
cfn=(152)
calls=1 116 
* 2
+1 1
+4 3
cfi=(49)
cfn=(154)
calls=1 28 
* 16
+5 3
+2 1
+2 2
+9 2
+16 4
cfi=(65)
cfn=(208)
calls=1 25 
* 9
* 2
+76 4
+16 3
85 1
1970 1
85 2
1970 2
85 1
1970 5
cfi=(66)
cfn=(210)
calls=1 159 
* 8282
92 1
1976 1
92 2
+9 2
1976 2
+1 5
-1 4
+1 6
-1 12
+4 4
+1 3
+1 1
+2 2
+1 4
-1 9
+1 9
+12 3
+1 2
+2 1
+2 3
+2 1
-4 1
+5 1
-1 2
+14 2
+1 2
+1 3
+11 2
+2 1
-2 1
+2 2
-2 1
+1 2
+1 1
-1 2
+1 1
cfi=(52)
cfn=(248)
calls=1 238 
* 3866
+10 2
+1 2
+3 2
862 1
fi=(220) ./elf/../sysdeps/unix/sysv/linux/dl-osinfo.h
64 2
fe=(2)
864 1
+6 1
+3 1
+7 1
-5 1
2052 3
2282 3
1778 2
+6 1
-6 2
+6 1
+2 3
fi=(30)
198 4
+2 1
+1 1
+2 1
-3 3
+3 1
fi=(3)
59 4
+3 4
+2 4
fi=(34) ./elf/../sysdeps/unix/sysv/linux/dl-vdso.h
-24 1
+1 2
fe=(2)
2331 1
1325 1
2342 1
-4 2
+10 1
-6 1
+6 1
+3 2
+8 1
fi=(30)
36 1
fe=(2)
2359 1
fi=(30)
37 3
+3 1
+13 6
-13 3
+9 6
-9 1
+9 20
+4 15
-16 12
+34 3
cfi=(76)
cfn=(268)
calls=1 252 
* 30
fe=(2)
2361 2
+54 3
+3 1
85 4
2422 1
+1 19
+2 8
+5 8
+2 8
+6 4
+2 12
+1 24
cfi=(77)
cfn=(270)
calls=3 194 
* 87577
+4 10
+1 2
-23 1
+23 1
cfi=(47)
cfn=(412)
calls=1 1015 
* 28
-23 6
92 3
+1 1
2454 1
93 1
2454 1
+5 4
+2 1
+7 3
cfi=(47)
cfn=(414)
calls=1 528 
* 146
+3 2
fi=(3)
72 2
+10 3
+1 4
+1 4
+1 4
+2 4
+5 4
+1 4
+1 5
fi=(35)
-64 3
+3 1
+3 1
+3 1
fi=(34)
+16 2
fe=(2)
2434 1
+1 1
-3 2
+49 3
+2 4
+10 1
cfi=(129)
cfn=(416)
calls=1 561 
* 571
+5 2
cfi=(7)
cfn=(424) __rtld_malloc_init_real
calls=1 76 
* 2372
+3 1
cfi=(133)
cfn=(432)
calls=1 30 
* 415
85 1
2507 1
+1 3
85 3
2508 2
cfi=(77)
cfn=(270)
calls=1 194 
* 4806
92 3
+9 2
2516 3
cfi=(135)
cfn=(438)
calls=1 27 
* 1309
+7 1
cfi=(9)
cfn=(464)
calls=1 262 
* 2
+4 3
cfi=(49)
cfn=(466)
calls=1 40 
* 21
+5 2
cfi=(46)
cfn=(186)
calls=1 38 
* 7
+1 1
-1 1
+2 1
cfi=(46)
cfn=(152)
calls=1 116 
* 2
+1 1
+4 1
cfi=(68)
cfn=(468)
calls=1 537 
* 18
+5 8
1741 4
1995 2
+50 2
cfn=(256)
calls=1 756 
* 784
* 2
2726 4
+2 2
+1 1
+46 2
+2 1
+1 1
-1 1
+1 1
+1 1
85 1
1847 1
85 2
1847 1
85 1
1847 2
cfn=(156)
calls=1 894 
* 3107
* 1
92 3
+9 3
1948 16
+1 1
-1 1
+4 3
+1 1
+1 2
+1 2
-7 2
fi=(30)
170 3
-39 2
fe=(2)

fl=(128)
fn=(410)
117 20
+5 4

fn=(470)
117 5
+5 1

fl=(29)
fn=(128)
199 32
+1 32
+1 32
+1 32
+17 32
+1 32
+2 6
+1 6
+1 6
+2 5
+1 5
+1 5
+2 5
360 26
+1 26
+2 8
+4 8
+1 3
+1 3
+1 2
+1 2
+1 2
+1 2
+2 2
+2 3
+6 5
+1 5
+1 5
+1 5
+1 5
+29 18
+1 18
+1 18
+1 18
+1 18
+7 1
+1 1
+1 1
+1 1
+1 1
+1 1
+1 1
+11 1
+1 1
+2 1
+1 1
+1 1

fn=(80)
212 18
+1 18
+6 18
+1 18
+2 10
+1 10
+1 10
+2 7
+1 7
+1 7
+2 7
360 8
+1 8
+2 1
+4 1
+1 1
+1 1
+1 1
+1 1
+4 1
+2 1
+39 7
+1 7
+1 7
+1 7
+1 7
+7 3
+1 3
+1 3
+1 3
+1 3
+1 3
+1 3
+11 3
+1 3
+2 3
+1 3
+1 3

fl=(16)
fn=(40) update_active.constprop.0
43 7
+45 1
-41 1
+28 1
-18 1
+31 1
+4 1
-36 1
-1 1
+37 1
-26 1
-11 1
+1 1
+36 2
+1 1
-17 1
-21 1
+25 1
-4 1
-11 1
+28 1
-1 1
-36 1
+18 1
+19 1
-13 1
-4 1
-11 1
+19 1
+11 1
-3 1
-12 1
+14 1
-29 1
+18 1
+9 1
-18 1
+13 1
-13 1
-9 1
+29 2
+3 1
-14 1
-9 1
+9 1
+4 1
+10 1
-17 1
+7 1
+5 1
+5 1
+1 1
-1 1
+1 2
+2 2
+1 4
+3 1
+1 1
-1 1
+1 1
-1 1
+1 1
-1 1
+1 1
+4 2
+4 2
+2 4
+83 3
+12 2
+1 1
+3 3
+4 1
-4 1
+4 1
+67 3
+4 3
fi=(18)
31 1
-3 1
+3 1
-1 2
fe=(16)
296 1
+1 8
-75 3
+1 2
+3 1
-1 1
+9 1
-5 1
+2 1
-2 1
+5 1
fi=(18)
32 3
+4 3
fe=(16)
+83 2
+2 1
+3 2
+10 1
+10 1
-10 1
+10 1
-10 1
+6 1
+4 1
-4 1
-6 1
+6 1
+2 1
-2 1
+2 3
+7 4
fi=(18)
39 3
+1 4
+5 1
-7 1
+7 3
+2 1
+1 2
+1 3
+2 4
+1 2
+1 2
+6 1
-4 1
+4 1
-3 2
fe=(16)
+75 1
-5 2
+4 1

fn=(34)
399 1
+16 1
-16 6
+3 1
+1 1
+1 1
+11 2
+3 6
593 1
+94 5
+1 1
+3 2
+1 1
+6 1
+3 1
fi=(19)
+5 1
+2 1
fe=(16)
-9 1
fi=(19)
+23 2
840 1
+34 1
-34 17
+33 2
+25 2
+21 2
-21 2
+13 3
+8 1
-8 1
+8 1
cfi=(10)
cfn=(24)
calls=1 402 
* 21
* 1
+2 2
+3 4
cfi=(10)
cfn=(24)
calls=1 402 
* 21
* 1
+5 2
-3 2
+3 2
cfi=(10)
cfn=(24)
calls=1 402 
* 21
* 1
+2 2
+3 4
cfi=(10)
cfn=(24)
calls=1 402 
* 21
* 1
+1 2
+22 1
-16 4
+3 3
-3 1
cfi=(10)
cfn=(24)
calls=1 402 
* 21
+3 3
-3 2
+3 10
cfi=(10)
cfn=(54)
calls=1 157 
* 58
+1 8
cfi=(10)
cfn=(54)
calls=1 157 
* 58
+1 9
cfi=(10)
cfn=(54)
calls=1 157 
* 58
+2 8
cfi=(10)
cfn=(54)
calls=1 157 
* 58
+2 9
cfi=(10)
cfn=(54)
calls=1 157 
* 58
+4 2
fe=(16)
706 1
fi=(19)
954 2
fe=(16)
706 2
fi=(19)
954 4
fe=(16)
706 1
cfi=(10)
cfn=(24)
calls=1 402 
* 19
+4 3
+14 1
-1 2
+1 3
+47 1
-1 1
+1 1
+46 4
cfi=(10)
cfn=(24)
calls=1 402 
* 19
+2 4
cfi=(10)
cfn=(24)
calls=1 402 
* 19
fi=(21) ./elf/../sysdeps/unix/sysv/linux/x86/cpu-features.c
27 6
fe=(16)
829 2
+45 8
fi=(19)
+7 11
fe=(16)
775 3
+27 2
-10 2
+1 2
+2 3
+1 2
+2 3
+1 2
fi=(19)
-75 3
cfn=(46)
calls=1 255 
* 437
+1 1
-1 2
+1 1
cfn=(46)
calls=1 255 
* 478
+1 1
-1 1
+1 1
cfn=(46)
calls=1 255 
* 503
+3 1
-3 2
+3 1
cfn=(46)
calls=1 255 
* 459
+2 1
-2 1
+2 1
cfn=(46)
calls=1 255 
* 451
+3 1
-2 1
-1 1
+3 1
cfn=(46)
calls=1 255 
* 428
+2 1
-2 1
+2 1
cfn=(46)
calls=1 255 
* 429
+3 1
-2 1
-1 1
+3 1
cfn=(46)
calls=1 255 
* 469
+2 1
-2 1
+2 1
cfn=(46)
calls=1 255 
* 470
+3 1
-3 1
+3 1
cfn=(46)
calls=1 255 
* 494
+2 1
-2 1
+2 1
cfn=(46)
calls=1 255 
* 495
+2 1
-2 1
+2 1
cfn=(46)
calls=1 255 
* 790
+2 3
-2 1
+2 1
cfn=(52)
calls=1 481 
* 215
863 11
fe=(16)
424 6
cfn=(36) get_common_indices.constprop.0
calls=1 -99 
* 71
303 3
+1 2
+1 6
+5 2
+1 6
+5 2
+1 6
429 1
cfn=(40)
calls=1 43 
* 194
+2 1
+2 1
+83 1
-85 2
564 2
+7 2
+2 1
+4 2
+6 2
422 2
-3 1
+14 3
+1 4
+69 1
+10 11
+42 1
+1 1
434 11
+55 3

fn=(36)
325 1
+4 4
+3 3
+5 2
-5 1
+5 1
-5 1
+4 1
+1 1
+1 4
+1 4
+1 3
+1 2
+7 2
+2 5
+5 1
-5 1
+5 1
-5 1
+5 1
-5 2
+5 1
+7 1
-7 4
+7 1
+1 3
+6 1
-6 4
+6 1
fi=(17) ./elf/../sysdeps/unix/sysv/linux/x86/dl-minsigstacksize.h
24 2
+3 2
+1 2
+37 3
+7 1
+2 1
fe=(16)
384 2

fl=(14)
fn=(28)
35 1
+1 3
+1 2
+6 1
+1 1

fl=(7)
fn=(428) lookup_malloc_symbol
61 8
+3 4
-3 16
+3 4
-3 4
+3 8
-1 4
+1 12
cfi=(78)
cfn=(278)
calls=4 840 
* 2104
+4 28
+1 28
+2 4
fi=(132) ./elf/./dl-sym-post.h
-30 8
+12 12
fe=(7)
+19 20

fn=(136)
239 2
+3 4
+2 2
+1 4
+4 33
+7 84
-2 56
+13 1
+4 4
-22 14
+15 14
-15 30

fn=(424)
76 2
+10 1
fi=(131) ./elf/../sysdeps/generic/dl-hash.h
-41 1
fe=(7)
+31 1
fi=(131)
-32 1
fe=(7)
+32 5
+11 1
-1 1
fi=(131)
-43 1
+5 3
+14 4
-17 3
+3 15
+14 20
-17 15
fe=(7)
+46 2
fi=(131)
-24 1
fe=(7)
+22 1
+2 2
fi=(131)
-19 1
fe=(7)
+19 1
cfn=(428)
calls=1 -30 
* 575
+1 3
-1 1
+1 1
cfn=(428)
calls=1 -31 
* 575
+1 3
-1 1
+1 1
cfn=(428)
calls=1 -32 
* 561
+1 3
-1 1
+1 1
cfn=(428)
calls=1 -33 
* 553
+5 1
+1 1
+1 1
+1 1
+1 7

fn=(12)
42 1
+1 2
+1 2
+1 2
+1 2
+1 1

ob=(3)
fl=(147) ./misc/./misc/init-misc.c
fn=(498) __init_misc
30 1
+1 2
-1 4
+1 3
+2 3
cob=(2)
cfi=(51)
cfn=(500)
calls=1 -33 
* 54
+4 5
+1 3
+2 4

fl=(103)
fn=(342)
66 1
-25 4
+1 3
+2 2
+5 3
+3 3
+14 1

fl=(113)
fn=(364)
29 1
fi=(83) ./string/../sysdeps/x86_64/multiarch/ifunc-avx2.h
+4 5
-1 2
+2 3
+2 2
+4 3
+3 4
fe=(113)
-14 1

fl=(146)
fn=(496)
46 4
+5 2
+4 5
+8 1
-2 1
+10 1
-9 1
+1 1
+9 2
-1 1
cfi=(147)
cfn=(498)
calls=1 -41 
* 79

fl=(125)
fn=(400)
33 1
fi=(92) ./string/../sysdeps/x86_64/multiarch/ifunc-memmove.h
+20 3
-1 2
+4 3
+14 2
+2 2
+8 2
+8 2
+2 5
fe=(125)

fl=(136)
fn=(440)
33 7
+2 1
cfi=(137) ./ctype/./ctype/ctype-info.c
cfn=(442) __ctype_init
calls=1 -6 
* 17
+3 1
fi=(139) ./elf/../sysdeps/nptl/pthread_early_init.h
-5 2
fe=(136)
+8 1
-3 1
fi=(139)
-5 1
cfi=(138) ./resource/../sysdeps/unix/sysv/linux/getrlimit64.c
cfn=(444) getrlimit
calls=1 +5 
* 10
* 3
+1 6
+11 1
fi=(221) ./elf/../nptl/nptl-stack.h
+13 3
fi=(139)
-13 1
fi=(221)
+13 2
fi=(139)
-4 1
fi=(221)
+4 2
fi=(139)
-6 1
fi=(221)
+6 1
fi=(139)
-12 1
+6 6
+1 1
+4 1
cfi=(140) ./nptl/./nptl/pthread_mutex_conf.c
cfn=(448) __pthread_tunables_init
calls=1 -7 
* 884
fe=(136)
-10 3
+2 2
-2 1
cfi=(143) ./nptl/../sysdeps/unix/sysv/linux/x86/elision-conf.c
cfn=(462) __lll_elision_init
calls=1 +49 
* 147

fl=(187) ./time/../sysdeps/unix/sysv/linux/clock_gettime.c
fn=(706) clock_gettime@@GLIBC_2.17
30 2
+8 4
+2 4
+28 4
+1 4
-25 2
+42 2

fl=(211)
fn=(812)
30 4
+3 4
-3 14
+3 8
+3 6
+4 12
-4 6
+58 8
+4 12
-4 6
+11 4
+1 4
cfi=(212) ./posix/./posix/register-atfork.c
cfn=(814) __unregister_atfork
calls=2 -30 
* 32
+1 8
+1 16

fl=(198) ./nptl/./nptl/alloca_cutoff.c
fn=(746) __libc_alloca_cutoff
27 1
+1 9
+7 1

fl=(201) ./stdlib/../sysdeps/x86_64/mul_1.S
fn=(754) __mpn_mul_1
31 9
+1 9
+3 9
+1 9
+1 9
+1 9
+1 9
+2 9
+1 9
+2 9
+1 9
+1 9
+1 9
+1 9
+2 9
+1 9
+1 9
+1 9
+69 9
+2 9
+3 9

fl=(114)
fn=(368)
31 1
fi=(83)
+2 5
-1 2
+2 3
+2 2
+4 3
+3 4
fe=(114)
-12 1

fl=(162) ./misc/./misc/sbrk.c
fn=(568) sbrk
37 58
+6 29
-6 29
+3 29
-3 58
+3 29
+3 29
+20 7
+15 145
-20 58
+1 2
cfi=(163) ./misc/../sysdeps/unix/sysv/linux/brk.c
cfn=(570) brk
calls=1 -24 
* 9
* 2
+4 1
-1 58
+4 79
+2 6
-2 9
+8 3
cfi=(163)
cfn=(570)
calls=3 -39 
* 27
* 19
cfi=(163)
cfn=(570)
calls=19 -39 
* 171
* 44

fl=(148)
fn=(502)
46 1
+1 1
+1 1
+2 1
+1 1
+3 1
+1 1
+1 1
+33 1
+1 1
+1 1
+1 1
+1 1
+1 1
+1 1
+1 1
+1 1
+1 1
+3 1
+1 1
+9 1
+1 1
+3 1
+1 2
+4 1
+1 1
+1 1
+1 1
+1 1
+1 1
+1 1
+1 1
+32 1
+1 1
+2 1
+1 1
+1 1
+1 1
+6 1
+1 1
+2 2
+5 1
+1 1
+1 1
+15 1
+1 1
+1 1
+1 1
+1 1
+2 1

fl=(149)
fn=(504)
83 1
+1 4
+1 3
+1 3
+2 1

fl=(188)
fn=(714)
83 16216000
+23 16216000
+1 16216000
+2 16216000
+1 16216000
+1 16216000
+1 16216000
+1 16216000
+2 12429000
+1 12429000
+1 12429000
+1 12429000
+1 12429000
+1 12429000
+1 12429000
+1 12429000
+18 12429000
+1 12429000
+1 12429000
+3 24858000
718 3785000
+1 3785000
+4 3785000
+11 3785000
+1 3785000
+1 3785000
+2 7570000
+10 3787000
+1 3787000
+2 1701000
+1 1701000
+1 1701000
+1 1701000
+1 1701000
+1 1701000
+1 1701000
+15 2086000
+1 2086000
+1 2086000
+1 2086000
+1 2086000
+1 2086000
+1 2086000
+1 2086000
+1 2086000
+2 2000
+2 2000
+13 2000
+1 2000
+23 2000
+1 2000
+31 2000
+1 2000
+2 2000
+1 2000
+1 2000
+1 4000

fl=(204) ./io/../sysdeps/unix/sysv/linux/write.c
fn=(776) write
25 1
+1 7
+1 1

fl=(85)
fn=(298)
65 2
-24 4
+1 2
-1 4
+1 4
+2 4
+5 6
+3 6
+13 2

fl=(107)
fn=(350)
29 1
fi=(100) ./string/../sysdeps/x86_64/multiarch/ifunc-strcpy.h
+7 2
+1 1
-1 2
+1 2
+2 2
+4 3
+3 3
fe=(107)
-17 1

fl=(156) ./setjmp/./setjmp/sigjmp.c
fn=(538) __sigjmp_save
28 3
+2 2
-1 1
+5 3

fl=(176) ./stdlib/../stdlib/strtol.c
fn=(628) __strtol_internal
97 2
+1 6
cfi=(177) ./stdlib/../stdlib/strtol_l.c
cfn=(630) ____strtol_l_internal
calls=2 225 
* 356

fl=(143)
fn=(462)
96 2
+5 1
-5 1
+5 1
-5 3
+5 3
cob=(2)
cfi=(51)
cfn=(450)
calls=1 0 
* 22
+2 4
cob=(2)
cfi=(51)
cfn=(450)
calls=1 0 
* 22
+2 4
cob=(2)
cfi=(51)
cfn=(450)
calls=1 0 
* 22
+2 4
cob=(2)
cfi=(51)
cfn=(450)
calls=1 0 
* 22
+2 4
cob=(2)
cfi=(51)
cfn=(450)
calls=1 0 
* 22
+4 3
+1 1
+1 6

fl=(191) ./stdio-common/./stdio-common/printf_fp.c
fn=(728) __printf_fp
1278 1
+1 1
-1 2
+1 3
cfn=(730) __printf_fp_l
calls=1 216 
* 3223

fn=(730)
216 16
+50 1
-9 1
+17 1
-8 3
+32 1
-21 1
-11 2
+11 2
fi=(192) ./stdio-common/../include/../locale/localeinfo.h
+38 3
fe=(191)
-35 2
+18 2
+8 1
-72 1
-1 1
388 1
-1 2
+5 2
+4 7
1272 12
396 6
cfi=(193) ./stdlib/../sysdeps/ieee754/dbl-64/dbl2mpn.c
cfn=(734) __mpn_extract_double
calls=1 33 
* 22
* 4
+36 1
+5 1
-49 1
+44 4
+1 1
+1 2
+3 12
+1 1
-1 1
+1 3
-1 1
+1 2
-1 1
+1 8
+1 1
-1 2
+1 13
+6 1
-6 2
+7 2
+17 1
+4 4
-4 2
+16 2
+11 1
-41 1
+10 1
+31 1
-30 7
+33 3
+41 1
+1 2
-1 1
+1 3
cob=(2)
cfi=(51)
cfn=(738)
calls=1 0 
* 13
+16 4
+9 12
+2 24
-74 24
-4 12
+4 49
-4 1
+4 4
+15 1
-13 2
+64 5
cob=(2)
cfi=(51)
cfn=(738)
calls=1 0 
* 13
+1 3
+1 3
+1 1
+3 1
-5 1
+1 1
+1 2
-1 1
+1 1
+5 2
+1 2
+6 2
+4 1
+4 1
-4 1
+4 2
-4 10
+6 2
831 2
+10 1
+6 1
-16 1
+10 3
+6 1
-6 2
+2 2
+10 2
+62 3
+1 1
-1 4
+7 1
fi=(199) ./stdio-common/../sysdeps/pthread/allocalim.h
27 2
cfi=(198)
cfn=(746)
calls=1 * 
* 11
+2 3
fe=(191)
932 18
+4 1
-3 1
+3 2
+3 5
-6 4
+9 3
cfn=(750) hack_digit
calls=1 170 
* 119
* 3
cfn=(750)
calls=1 170 
* 119
* 2
-3 4
+3 4
+4 6
+2 2
-4 1
+4 1
+14 1
-2 3
+1 4
+1 2
+1 4
+3 6
-1 6
+2 6
-1 6
cfn=(750)
calls=6 170 
* 693
* 6
+3 12
-7 18
+1 17
437 2
963 3
+15 3
+1 4
cfn=(750)
calls=1 170 
* 103
+2 3
-2 1
+2 5
+2 3
-1 1
fi=(202) ./stdio-common/../sysdeps/generic/get-rounding-mode.h
94 1
+1 7
fi=(203) ./stdio-common/../include/rounding-mode.h
-43 2
fe=(191)
1097 3
+7 2
+3 3
+13 3
+46 2
+2 2
-2 5
+2 5
+2 8
+10 5
+8 1
+7 1
-7 2
+7 2
+5 3
cob=(2)
cfi=(51)
cfn=(760)
calls=1 0 
* 16
+2 2
-2 1
+2 2
+5 3
+2 1
-2 1
+2 2
+11 16
+7 12
+3 16
+3 16
-6 24
+1 27
+1 2
-2 1
+2 1
cob=(2)
cfi=(51)
cfn=(762)
calls=1 0 
* 20
* 1
-2 2
+10 6
+17 5
+3 3
+11 3
551 3
cfi=(196) ./stdlib/./stdlib/cmp.c
cfn=(742) __mpn_cmp
calls=1 31 
* 12
+3 1
-3 2
1175 3
855 1
-7 1
+8 4
+3 4
+2 1
+40 2
-44 1
+4 1
+2 2
-7 1
+5 1
-3 1
-2 1
+45 2
1177 2
+77 130
cfi=(164) ./libio/./libio/genops.c
cfn=(766) __overflow
calls=9 199 
* 1035
* 18
883 2
474 1
-2 1
+2 1
-3 2
+3 2
-3 1
+3 2
-3 1
cfi=(194) ./stdlib/../sysdeps/x86_64/lshift.S
cfn=(736) __mpn_lshift
calls=1 28 
* 16
+4 9
+1 2
+1 5
260 2
983 3
+3 1
+4 1
-4 2
643 2
813 1
1203 2
608 1
-3 1
+3 7
+16 2
+2 1
-2 1
cfi=(197) ./stdlib/../sysdeps/x86_64/rshift.S
cfn=(744) __mpn_rshift
calls=1 28 
* 18
+3 2
-1 1
+1 1
-1 1
+1 3
cfi=(197)
cfn=(744)
calls=1 28 
* 18
+2 6

fn=(750)
170 36
+3 27
+2 9
+2 18
-2 18
+8 18
+21 27
cfi=(201)
cfn=(754)
calls=9 31 
* 189
+1 18
+1 30
+4 45
-23 63
cfi=(200) ./stdlib/./stdlib/divrem.c
cfn=(752) __mpn_divrem
calls=9 46 
* 392
+2 9
-2 9
+2 27
+1 9
+2 18
+1 54
+7 18

fl=(193)
fn=(734)
33 3
+4 2
-2 1
+2 1
+1 5
+9 2
+9 1
-9 1
+9 2
+47 1
+4 1
-4 1
+4 1

fl=(196)
fn=(742)
31 1
+4 2
+2 1
+1 1
+1 2
+8 5

fl=(140)
fn=(448)
50 2
+1 2
-1 4
+1 3
cob=(2)
cfi=(51)
cfn=(450)
calls=1 -51 
* 840
+2 4
cob=(2)
cfi=(51)
cfn=(450)
calls=1 -53 
* 23
+2 6

fl=(169)
fn=(594)
51 2
+2 2
+1 2
+1 2
+1 2
+1 2
+3 2
+1 2
+4 2
+1 2
+1 2
+1 2
+1 2
+1 2
+1 2
+1 2
+3 2
+1 2
+23 2
+1 4

fn=(724)
51 2
+2 2
+1 2
+1 2
+1 2
+1 2
+3 2
+1 2
+4 2
+1 2
+1 2
+1 2
+1 2
+1 2
+1 2
+1 2
+6 2
+1 4

fl=(175) ./io/../sysdeps/unix/sysv/linux/read.c
fn=(624) read
25 46
+1 276
+1 46

fl=(108)
fn=(354)
31 1
fi=(222) ./string/../sysdeps/x86_64/multiarch/ifunc-strcasecmp.h
+1 5
fe=(108)
-1 1

fl=(160) ./stdlib/../sysdeps/unix/sysv/linux/getrandom.c
fn=(554) getrandom
28 1
+1 7
+1 1

fl=(186)
fn=(704)
25 4
+6 2
-6 6
+6 4
cfi=(187)
cfn=(706)
calls=2 -1 
* 22
* 4
+4 2
-1 2
+1 14
+1 10

fl=(153) ./csu/../sysdeps/nptl/libc_start_call_main.h
fn=(532) (below main)
29 4
+15 1
-15 5
+15 1
cfi=(154) ./setjmp/../sysdeps/x86_64/bsd-_setjmp.S
cfn=(534) _setjmp
calls=1 -16 
* 34
* 1
+2 2
+5 2
+1 2
+3 2
+3 6
cob=(5)
cfi=(150)
cfn=(540)
calls=1 -58 
* 2740849518
* 1
+16 1
cfi=(206) ./stdlib/./stdlib/exit.c
cfn=(792) exit
calls=1 +68 
* 1366

fl=(197)
fn=(744)
28 2
+1 2
+1 2
+1 2
+13 2
+1 2
+16 2
+1 2
+1 2
+1 2
+1 2
+1 2
+1 2
+5 2
+1 2
+1 2
+1 2
+1 2

fl=(177)
fn=(630)
225 6
+54 2
-54 8
+19 2
-19 6
+14 2
-14 2
+26 4
+31 8
+9 12
+2 4
+5 4
-1 2
+6 4
+4 4
+10 4
+10 8
-82 4
377 2
+56 8
309 2
449 2
+10 6
-10 2
+10 2
+12 4
-5 10
+5 10
+1 30
-41 20
+2 36
+2 30
+28 30
+3 20
+11 4
+5 6
+1 2
+5 4
324 4
491 6
-2 4
+17 10
+18 16

fl=(104)
fn=(344)
31 1
fi=(222)
+1 5
fe=(104)
-1 1

fl=(157)
fn=(544)
85 12
-20 2
+20 4
-20 2
cob=(2)
cfi=(51)
cfn=(546)
calls=2 -65 
* 1991
+2 6
+3 2
+2 4
-2 2
+2 10
cfi=(164)
cfn=(572) _IO_no_init
calls=2 563 
* 110
+1 2
+1 2
-1 2
+1 2
cfi=(165) ./libio/./libio/fileops.c
cfn=(576) _IO_new_file_init_internal
calls=2 +32 
* 226
+1 10
cfi=(165)
cfn=(584) _IO_file_fopen@@GLIBC_2.2.5
calls=2 213 
* 408
* 4
-38 4
+50 14

fl=(172) ./libio/./libio/filedoalloc.c
fn=(610) _IO_file_doallocate
78 27
+6 12
fi=(185) ./libio/./libio/libioP.h
940 9
+2 6
+1 6
fe=(172)
84 9
cfi=(165)
cfn=(612) _IO_file_stat
calls=3 1146 
* 54
* 6
+2 12
+11 12
+4 6
cob=(2)
cfi=(51)
cfn=(546)
calls=3 0 
* 781
* 3
+1 6
+2 12
cfi=(164)
cfn=(618) _IO_setb
calls=3 329 
* 72
+1 3
+1 24
-15 1
fi=(223) ./libio/../include/sys/sysmacros.h
-44 6
fe=(172)
+44 1
-2 2
+5 2

fl=(163)
fn=(570)
35 23
+1 92
+1 46
+6 23
+1 23

fl=(167) ./io/../sysdeps/unix/sysv/linux/open64.c
fn=(588) open
30 4
+3 2
-3 16
+3 12
+8 20
+2 14

fl=(138)
fn=(444)
38 2
+1 7
+1 1

fl=(209)
fn=(800)
77 1
+3 3
+2 1
+2 2
-7 2
+11 2
+79 1
+3 1
+2 1
+3 1
+2 1
+1 3
-81 2
+11 4
+4 1
+3 2
-71 1
+1 8
+1 1
+84 3
+1 2

fl=(86)
fn=(300)
29 1
fi=(87) ./wcsmbs/../sysdeps/x86_64/multiarch/ifunc-wcslen.h
+5 4
-1 2
+2 3
+2 2
+4 3
+3 3
fe=(86)
-15 1

fl=(98)
fn=(330)
30 1
fi=(94) ./wcsmbs/../sysdeps/x86_64/multiarch/ifunc-avx2.h
+3 5
-1 2
+2 3
+2 2
+4 3
+3 4
fe=(98)
-13 1

fl=(189)
fn=(718)
25 19
+7 1
-4 2
+4 2
-4 1
+5 1
-1 1
+1 1
-5 1
+4 1
+1 1
-1 1
+1 1
cfi=(190) ./stdio-common/./stdio-common/vfprintf-internal.c
cfn=(720) __vfprintf_internal
calls=1 1180 
* 3845
+4 5

fl=(80)
fn=(288)
86 1
fi=(81) ./string/../sysdeps/x86/cacheinfo.h
-25 1
+3 3
+2 1
+1 1
-1 2
+7 3
+2 1
+1 1
-1 2
+5 2
+2 2
+1 2
+1 2
+2 2
fe=(80)
* 2

fl=(179)
fn=(636)
34 12
+3 4
+1 12
+5 10

fl=(154)
fn=(534)
28 1
+2 1
+2 1
cfi=(155) ./setjmp/../sysdeps/x86_64/setjmp.S
cfn=(536) __sigsetjmp
calls=1 -2 
* 31

fl=(190)
fn=(720)
1180 12
+30 5
+8 4
+4 5
+11 2
+11 1
fi=(224) ./stdio-common/./stdio-common/printf-parse.h
111 2
fe=(190)
1244 5
fi=(224)
111 1
cob=(2)
cfi=(51)
cfn=(722)
calls=1 0 
* 21
fe=(190)
1259 1
fi=(224)
111 1
fe=(190)
1259 3
239 1
fi=(225) ./stdio-common/../libio/libioP.h
940 1
fe=(190)
1263 1
fi=(225)
942 1
-2 1
fe=(190)
1263 1
fi=(225)
940 2
+2 2
+1 2
fe=(190)
239 4
cfi=(165)
cfn=(726) _IO_file_xsputn@@GLIBC_2.2.5
calls=1 1197 
* 20
* 2
127 9
1263 2
+4 3
+4 8
1532 1
1214 1
+34 1
-8 1
1532 3
+23 1
-39 1
+39 1
-39 1
+39 2
1313 15
+39 1
-51 1
-1 1
-1 1
-1 1
+5 1
1501 1
fi=(224)
88 1
fe=(190)
1352 1
-46 1
-4 1
+50 1
1501 1
1295 1
-1 1
-1 1
-1 1
-1 1
+16 2
1608 2
+1 2
+3 12
-4 9
1499 2
+33 2
+3 34
+20 2
1259 4
cfi=(166) ./nptl/./nptl/libc-cleanup.c
cfn=(580) __libc_cleanup_push_defer
calls=1 24 
* 10
+1 13
-1 2
1609 2
cfi=(166)
cfn=(582) __libc_cleanup_pop_restore
calls=1 39 
* 8
+2 1
-56 11
+9 2
-80 1
-5 8
-1 1
+1 8
1589 1
fi=(224)
111 1
fe=(190)
1583 1
fi=(224)
111 2
cob=(2)
cfi=(51)
cfn=(722)
calls=1 0 
* 21
fe=(190)
239 1
fi=(225)
942 1
fe=(190)
1593 1
fi=(224)
111 1
fi=(225)
942 1
fe=(190)
1593 1
fi=(225)
942 1
+1 2
fe=(190)
239 4
cfi=(165)
cfn=(726)
calls=1 1197 
* 230
* 2
127 13
1593 2
+2 3
-39 1
351 1
+1 1
1556 1
352 2
-1 2
1559 2
127 7
354 1
cfi=(191)
cfn=(728)
calls=1 1278 
* 3230
* 1

fl=(127)
fn=(406)
31 1
fi=(123) ./string/../sysdeps/x86_64/multiarch/ifunc-evex.h
+4 5
-1 2
+2 3
+5 2
-3 2
+9 3
+3 4
fe=(127)
-19 1

fl=(158)
fn=(784) malloc_consolidate
4715 4975
+17 4975
-17 19900
+28 4975
-28 14925
+15 4975
+2 4975
+13 9950
+1 9950
-1 89550
+1 89550
+62 149250
+1 39800
-31 39972
+4 10128
+2 5064
+1 10128
+1 10128
+2 10128
-4 14922
+1 29844
+1 29844
+2 29844
+1 21130
+4 10565
+2 10565
-2 21130
+3 10565
+9 21130
-12 9421
+2 9421
-2 18842
+3 9421
+9 33874
-56 39986
+4 59979
+1 79972
+8 19993
-3 39986
+3 19993
-3 19993
+4 19993
-4 19993
+5 19993
-5 19993
+5 39986
+2 39986
+1 5063
+2 5063
-1 5063
+2 20252
+2 30378
cfn=(700) unlink_chunk.constprop.0
calls=5063 1626 
* 112361
* 20252
+3 39986
+25 7
+1 14
+1 14
-23 14922
+1 44766
+16 14922
-16 14922
cfn=(700)
calls=14922 1626 
* 359001
* 44766

fn=(558) tcache_init.part.0
3235 3
+9 8
+1 3
cfn=(560) _int_malloc
calls=1 1343 
* 367
* 1
+1 2
+8 4
+7 2
+2 1
+1 2
-1 1
+1 86
+3 4

fn=(562) sysmalloc
2548 180
+20 80
+11 40
+1 59
+26 19
+1 57
+1 19
+9 148
+6 57
+3 57
2941 38
+1 19
+5 38
+3 38
+5 38
-2 19
+2 19
-1 19
+1 19
-3 19
+3 19
+1 19
-1 57
+1 19
+2 38
2581 3
+4 3
+9 4
cfn=(650) sysmalloc_mmap.constprop.0
calls=1 2420 
* 63
+1 2
2964 220
2687 38
+9 76
+13 57
+8 95
+8 38
+39 38
+2 57
+6 74
+1 18
2946 18
2773 54
+2 2
2896 1
-1 1
+1 3
+1 1
+11 2
fi=(159) ./malloc/./malloc/arena.c
565 19
fe=(158)
2727 19
cfi=(161) ./malloc/./malloc/morecore.c
cfn=(566) __glibc_morecore
calls=19 25 
* 831
+1 38
-1 19
+1 19
2028 19
2729 19
2028 19
2729 19
2028 38
2730 19
+3 38
+33 38
2610 38
2775 2
+40 3
+22 1
+1 1
-1 1
+1 6
+2 2
+1 3
cfi=(161)
cfn=(566)
calls=1 25 
* 28
+12 2
-12 1
+12 1
2028 4
2897 4
2765 2
-52 3

fn=(700)
1626 26653
+2 133265
+3 53306
+1 26653
-1 79959
+3 106612
+3 26653
+1 26653
+1 104993
+2 2
+1 6
+3 2
+14 1
+1 2
+3 53306

fn=(548)
3287 30
+7 10
1343 8
+19 20
3306 20
+3 8
+10 15
+28 25
1362 5
3304 15
-63 4
cfn=(558)
calls=1 -6 
* 484
+68 2
+1 4
+1 9
+10 20
cfn=(560)
calls=5 1343 
* 917
+1 25
fi=(159)
162 10
315 1
cfn=(552) ptmalloc_init.part.0
calls=1 -2 
* 1128
fe=(158)
1343 2

fn=(650)
2420 3
+13 3
+5 2
+3 9
cfi=(181) ./misc/../sysdeps/unix/sysv/linux/mmap64.c
cfn=(652) mmap
calls=1 47 
* 9
* 1
+3 2
+4 2
2028 4
2466 3
+19 1
-1 1
+5 1
-4 2
+4 2
+1 5
+3 3
+1 5
+5 5

fn=(786) systrim.constprop.0
2986 5
-9 15
+9 10
+2 5
+1 10
+5 5
+1 5
-1 10
+4 25
+2 10
-10 2
+50 20
-33 6
cfi=(161)
cfn=(566)
calls=3 25 
* 84
* 3
+1 12
+12 9
cfi=(161)
cfn=(566)
calls=3 25 
* 135
+1 6
cfi=(161)
cfn=(566)
calls=3 25 
* 84
+2 3
+2 6
+4 6
+4 6
-1 3
+1 6
+2 6

fn=(788) munmap_chunk
3044 1
+2 1
-1 1
+1 1
-1 1
+1 1
+2 2
+4 1
-1 2
+7 1
-8 1
+8 1
-6 1
+7 1
-1 2
+1 4
+3 1
+1 3
+5 1
+1 1
-1 1
cfi=(205) ./misc/../sysdeps/unix/syscall-template.S
cfn=(790) munmap
calls=1 117 
* 6

fn=(692) _int_free
4421 213416
+10 26677
-10 80031
+10 53354
+6 133385
+1 53354
+4 106708
+8 133385
-1 53354
+1 53354
+29 26675
-20 26675
-6 26675
+6 53350
+20 106700
+14 53322
+11 79972
+2 59979
2012 59979
4527 19993
+1 19993
+4 59979
+2 59979
+4 39986
+2 79972
+1 19993
+19 70022
4702 293447
4569 13336
+3 6668
+3 20004
+7 6668
-4 6668
+4 13336
+3 13336
+5 20004
+3 13336
+1 13336
+1 13336
2012 20004
4601 13336
+1 6666
+2 6666
-1 6666
+2 26664
+2 13332
cfn=(700)
calls=6666 1626 
* 166641
+3 13336
+5 13336
+4 6667
+9 6667
-1 6667
+1 20001
+1 13334
-1 1
-1 1
+1 3
+1 2
+2 6668
+2 13336
+5 6668
+1 6668
+2 20004
+1 6668
+30 13336
+20 20004
3181 16
+4 16
-4 16
+2 64
+1 16
+1 16
4482 16
4635 19995
+38 19278
+3 12852
+2 6426
-2 6426
-60 1
+1 1
-1 1
cfn=(700)
calls=1 1626 
* 25
+1 1
-30 20004
-2 13336
+89 9950
cfn=(784)
calls=4975 +41 
* 1985414
* 4975
+4 25704
+2 10
cfn=(786)
calls=5 2986 
* 497
* 5

fn=(560)
1343 53360
3771 26680
1362 26680
3771 213440
1362 53360
3904 26676
+2 26676
-2 26676
+2 53352
1362 53360
3811 53360
4397 53360
3838 53360
+63 13360
+62 140
+1 12
3853 60000
-10 20000
+2 100000
4399 53352
3903 26676
4399 346788
3983 26676
+1 26676
-1 53352
-1 53352
+2 53352
-1 4
+1 4
-1 8
-1 8
+2 8
-2 80037
+12 26679
-6 26679
+73 106716
-67 80038
-6 1
+73 4
-67 3
4158 1
-91 1
+91 2
-91 1
-74 1
3181 1
4067 1
3181 2
4025 2
3183 2
3997 4
+1 1
+2 2
+1 3
+2 1
+1 4
+2 4
-10 1
+12 2
+1 2
+2 2
+11 2
+31 1
+1 1
+4 2
+29 2
+60 1
+2 2
-2 2
+2 1
+7 1
-9 3
+9 1
-7 1
+1 1
+1 1
+6 2
4413 240120
4095 10
+1 3
+1 1
-1 1
+4 2
+66 3
3994 3
4183 53360
+2 12
+3 4
-3 4
+3 8
+68 53360
+1 26680
+1 26680
-1 26680
+1 26680
+1 53360
+1 80040
+5 53360
+16 11
+2 22
-4 24
+8 1
+3 2
3963 4
4144 3
4269 80040
+3 106708
-3 80028
+3 106704
-3 53352
+3 80025
+97 26679
+1 53358
+2 53358
+3 80077
+17 60
3904 20028
4299 3
+3 2
+2 1
+3 2
-3 1
+3 2
cfn=(700)
calls=1 1626 
* 38
+3 4
+15 2
-5 1
+5 2
+1 2
+3 1
+1 1
+1 1
+3 2
+2 2
+2 2
+3 8
+2 3
+1 1
2005 1
4347 1
2005 2
4272 1
+2 4
+1 2
4380 26659
-2 53318
+2 26659
-1 26659
+6 26659
-5 26659
-3 26659
+3 26659
+2 26659
-2 106636
2005 26659
4382 26659
2005 53318
4407 80
cfn=(562)
calls=20 2548 
* 3258
* 20
+1 40
2005 60

fn=(688)
3352 26678
+4 53356
-4 26678
+14 26678
-14 53356
+12 26678
+4 26678
-4 26678
+4 53356
+17 80031
fi=(159)
162 80031
fe=(158)
3391 53354
cfn=(692)
calls=26677 4421 
* 4762140
+3 26677
+1 106708
-23 3
+2 4
+2 1
+1 1
-1 1
+1 1
+1 1
+3 2
cfn=(788)
calls=1 3044 
* 35
+13 1
+1 4

fn=(644)
3624 53348
+10 26674
-10 106696
+10 213392
+8 53348
+3 80022
+2 80022
+32 80022
cfn=(560)
calls=26674 1343 
* 3737312
+2 133370
fi=(159)
162 80019
fe=(158)
3681 53346
+3 80022
+14 53348
+11 26674
+5 26674
-2 53348
+3 1
-1 2
+48 120018
-53 26673
+12 106692
-20 106692
+31 26673
+2 53346
+2 53346
+5 20002
+2 20002
-2 20002
+3 40004
+2 1
+2 2
-91 26674
+1 80022
+7 26674
+97 6671
-25 13342
+25 26684
-25 6671
cob=(2)
cfi=(51)
cfn=(656)
calls=6671 0 
* 253401

fl=(117)
fn=(378)
29 2
fi=(83)
+4 10
-1 4
+2 6
+2 4
+4 6
+3 8
fe=(117)
-14 2

fl=(206)
fn=(794) __run_exit_handlers
40 11
+5 2
+3 5
+50 1
-42 1
+2 3
+8 6
+2 1
+3 1
-3 1
+3 6
+34 1
+1 1
+1 1
-2 1
+7 1
-3 2
+3 3
+1 3
cob=(1)
cfi=(208)
cfn=(798)
calls=1 -82 
* 897
+1 4
+10 2
+1 2
-63 1
+69 4
+2 2
+1 6
cfi=(164)
cfn=(852) _IO_cleanup
calls=1 863 
* 365
* 3
+2 2
cfi=(214) ./posix/../sysdeps/unix/sysv/linux/_exit.c
cfn=(866) _Exit
calls=1 27 
* 5
-90 1
cfi=(207) ./stdlib/./stdlib/cxa_thread_atexit_impl.c
cfn=(796) __call_tls_dtors
calls=1 149 
* 12
* 1

fn=(792)
142 3
+1 3
-1 1
+1 1
cfn=(794)
calls=1 40 
* 1358

fl=(99)
fn=(334)
31 1
fi=(100)
+5 2
+1 1
-1 2
+1 2
+2 2
+4 3
+3 3
fe=(99)
-15 1

fl=(182)
fn=(666)
50 10010001
+13 10010001
+1 10010001
+1 10010001
+3 10010001
+2 10010001
+1 10010001
+3 10009923
+1 10009923
+8 10009923
+1 10009923
+1 10009923
+5 20019846
509 78
+1 78
+1 78
+3 78
+15 78
+1 78
+1 78
+7 156

fl=(212)
fn=(814)
76 4
+1 2
-1 2
+1 6
fi=(213) ./posix/../malloc/dynarray-skeleton.c
243 2
fe=(212)
65 4
+38 8
+1 4

fl=(151)
fn=(510)
242 12
343 3
+1 3
cfi=(152) ./stdlib/./stdlib/cxa_atexit.c
cfn=(512) __cxa_atexit
calls=1 69 
* 71
+25 6
+6 2
-3 2
+10 2
cob=(2)
cfi=(51)
cfn=(526)
calls=1 0 
* 836
+2 2
+8 4
cfi=(153)
cfn=(532)
calls=1 29 
* 2740850946
128 2
+6 3
+1 6
cob=(2)
cfi=(51)
cfn=(516)
calls=1 0 
* 7
* 1
+3 1
+1 2
+3 2
+1 2
-1 1
+2 7
+1 4
cob=(5)
cfi=(150)
cfn=(520)
calls=1 0 
* 12
-1 4

fl=(161)
fn=(566)
25 29
+1 58
-1 29
+4 29
cfi=(162)
cfn=(568)
calls=29 +8 
* 901
+1 58
+4 58

fl=(126)
fn=(404)
31 1
fi=(222)
+1 5
fe=(126)
-1 1

fl=(101)
fn=(338)
31 2
fi=(102) ./wcsmbs/../sysdeps/x86_64/multiarch/ifunc-evex.h
+4 10
-1 4
+2 6
+5 4
-3 4
+9 6
+3 8
fe=(101)
-19 2

fl=(90)
fn=(308)
29 1
fi=(87)
+5 4
-1 2
+2 3
+2 2
+4 3
+3 3
fe=(90)
-15 1

fl=(105)
fn=(346)
29 1
fi=(226) ./string/../sysdeps/x86_64/multiarch/ifunc-sse4_2.h
+1 5
fe=(105)
-1 1

fl=(124)
fn=(398)
29 1
fi=(226)
+1 5
fe=(124)
-1 1

fl=(118)
fn=(382)
29 1
fi=(100)
+7 2
+1 1
-1 2
+1 2
+2 2
+4 3
+3 3
fe=(118)
-17 1

fl=(171) ./stdio-common/./stdio-common/vfscanf-internal.c
fn=(600) __vfscanf_internal
278 260026
+10 100010
+1 20002
fi=(178) ./stdio-common/../include/scratch_buffer.h
78 20002
fe=(171)
289 20002
fi=(178)
77 40004
fe=(171)
339 20002
fi=(178)
77 20002
fe=(171)
339 80008
+6 60008
+3 80008
+4 40004
+13 20002
-6 20002
+8 40004
-8 20002
+8 20002
+5 20002
-5 20002
+5 120012
cfi=(166)
cfn=(580)
calls=20002 24 
* 200020
* 60006
+9 20002
-4 20002
+4 60006
570 20002
284 20002
-1 20002
+10 20002
-11 20002
570 40004
2429 80008
328 40004
+4 20002
-5 20002
-1 20002
-1 20002
-12 20002
2180 20002
2429 20002
2180 100010
418 60004
+24 60004
+1 60004
+3 50000
-65 120008
3015 130010
+3 139978
+1 99992
-1 40002
222 40004
+1 40004
-1 20002
488 20002
222 20002
488 40004
222 20002
488 40004
345 40000
+27 220022
482 20002
+22 80008
+25 20002
-4 80008
+7 200020
+80 40004
+5 20002
-1 40004
+1 40004
+1 60006
+3 60006
+1 160016
+6 179991
+3 59992
-3 29996
+3 119994
-3 5
+3 20
-3 60002
+4 140014
+1 100010
+4 40004
-4 40004
cfi=(164)
cfn=(626) _IO_sputbackc
calls=20002 +2 
* 380038
+4 160016
-9 10
cfi=(164)
cfn=(602) __uflow
calls=5 299 
* 1436
* 10
3025 260026
cfi=(166)
cfn=(582)
calls=20002 39 
* 160016
fi=(178)
85 60006
fe=(171)
3029 40004
+17 40004
+6 240024
442 10000
+6 20000
618 6
1398 20
+5 6
+9 12
1733 4
+9 2
fi=(178)
113 8
fe=(171)
1742 4
fi=(178)
113 6
fe=(171)
1740 66
260 20
1797 10
260 20
+3 30
1799 40
+2 90
-68 20
+2 24
+2 10
+67 4
206 2
1811 4
214 4
1812 4
+28 12
cfi=(164)
cfn=(626)
calls=2 635 
* 38
260 6
+3 6
1844 4
1669 2
206 2
1862 4
1669 4
1861 6
+1 2
cfi=(176)
cfn=(628)
calls=2 97 
* 364
* 2
+6 6
+3 10
+6 2
-4 4
+4 4
+23 4
1390 2
-1 2
+2 2
1742 10
1435 8
+3 8
3018 4
cfi=(164)
cfn=(602)
calls=2 299 
* 324
* 6
637 20000
1017 100000
+2 100000
+2 160000
+10 40000
-10 20000
+10 60000
+71 20000
-81 140000
+81 20000
-81 60000
1144 1228507
1031 307078
1144 153539
1031 307152
1144 37
1031 74
1144 133578
-45 307156
+3 153578
-1 307156
+1 307156
-1 307156
+43 156
cfi=(164)
cfn=(602)
calls=39 299 
* 6316
* 211
2943 40000
+40 60000
+2 40000
+8 40000
-10 20000
+8 40000
+29 49997
cfi=(164)
cfn=(626)
calls=9999 635 
* 189981
* 9999
1879 4
+17 20
2048 99990
1033 59994
cfi=(164)
cfn=(626)
calls=19998 635 
* 379962
+1 19998
1881 4
+1 6
1019 280000
3019 6

fl=(200)
fn=(752)
46 117
+3 18
+13 9
+1 9
-16 9
+18 18
+7 55
+1 7
-1 14
+1 14
-1 14
+4 18
+3 9
234 81

fl=(207)
fn=(796)
149 4
+1 4
+18 4

fl=(166)
fn=(580)
24 20009
+3 40018
+3 80036
+1 20009
+2 20009
+1 20009

fn=(582)
39 20009
+3 40018
+2 40018
+1 40018
+2 20009

fl=(84)
fn=(296)
29 1
fi=(226)
+1 5
fe=(84)
-1 1

fl=(106)
fn=(348)
43 1
-6 5
+6 1

fl=(180)
fn=(640)
181 6672
+1 20016
+5 6672
+1 6672
+1 6672
+1 6672
+14 1
+1 1
+2 2
+52 6672
+1 6672
+23 6671
+1 6671
+5 6671
+3 6671
+1 6671
+3 6670
+1 6670
+13 6670
+1 6670
+2 6670
+3 6662
+3 6662
+3 6662
+1 6662
+1 6662
+1 6662
+1 6662
+1 6662
+1 13324
+3 6662
+1 6662
+1 6662
+1 6662
+3 13324
-6 8
+1 8
+1 8
+1 8
+3 16
+11 1
+1 1
+1 1
+1 80001
+1 1
+1 2

fl=(170)
fn=(598)
25 220022
+4 20002
+1 40004
-1 100010
+1 20002
cfi=(171)
cfn=(600)
calls=20002 278 
* 11712019
+4 100010

fl=(119)
fn=(386)
29 1
fi=(120) ./wcsmbs/../sysdeps/x86_64/multiarch/ifunc-memcmp.h
+5 2
+1 1
-1 2
+1 2
+1 2
+1 3
+2 2
+4 3
+3 3
fe=(119)
-17 1

fl=(159)
fn=(552)
313 1
fi=(158)
3162 3
fe=(159)
313 5
+5 1
fi=(158)
3162 2
cfi=(160)
cfn=(554)
calls=1 28 
* 9
* 2
fe=(159)
343 2
+4 3
fi=(158)
1966 4
+3 1
-3 1
+3 2
-3 2
+3 126
-3 126
+3 252
-3 252
fe=(159)
352 3
fi=(158)
1977 1
+1 1
+2 1
fe=(159)
352 1
cob=(2)
cfi=(51)
cfn=(450)
calls=1 0 
* 23
+1 4
cob=(2)
cfi=(51)
cfn=(450)
calls=1 0 
* 22
+1 4
cob=(2)
cfi=(51)
cfn=(450)
calls=1 0 
* 23
+1 4
cob=(2)
cfi=(51)
cfn=(450)
calls=1 0 
* 23
+1 4
cob=(2)
cfi=(51)
cfn=(450)
calls=1 0 
* 22
+1 4
cob=(2)
cfi=(51)
cfn=(450)
calls=1 0 
* 23
+1 4
cob=(2)
cfi=(51)
cfn=(450)
calls=1 0 
* 23
+2 4
cob=(2)
cfi=(51)
cfn=(450)
calls=1 0 
* 23
+1 4
cob=(2)
cfi=(51)
cfn=(450)
calls=1 0 
* 23
+1 4
cob=(2)
cfi=(51)
cfn=(450)
calls=1 0 
* 23
+3 4
cob=(2)
cfi=(51)
cfn=(450)
calls=1 0 
* 23
+1 4
cob=(2)
cfi=(51)
cfn=(450)
calls=1 0 
* 23
+1 2
+63 7

fl=(93)
fn=(316)
31 2
fi=(94)
+2 10
-1 4
+2 6
+2 4
+4 6
+3 8
fe=(93)
-12 2

fl=(214)
fn=(866)
27 2
+3 1
+1 2

fl=(181)
fn=(652)
47 2
+3 2
+8 4
+2 1

fl=(155)
fn=(536)
30 1
+2 1
+9 1
+1 2
+1 1
+4 1
+1 1
+1 1
+1 1
+1 1
+2 2
+2 1
+1 1
+1 1
+2 2
+2 1
+5 1
+1 1
+17 1
cfi=(156)
cfn=(538)
calls=1 -56 
* 9

fl=(88)
fn=(304)
29 2
fi=(89) ./string/../sysdeps/x86_64/multiarch/ifunc-memset.h
+21 10
+3 6
+7 4
+9 4
+2 4
+10 4
+8 4
+2 10
fe=(88)

fl=(96)
fn=(322)
28 1
fi=(83)
+5 5
-1 2
+2 3
+2 2
+4 3
+3 4
fe=(96)
-15 1

fl=(174) ./io/../sysdeps/unix/sysv/linux/fstatat64.c
fn=(616) fstatat
153 6
-55 6
+70 9
+1 3

fl=(184) ./io/../sysdeps/unix/sysv/linux/close_nocancel.c
fn=(684) __close_nocancel
25 2
+1 8
+1 2

fl=(164)
fn=(608) _IO_doallocbuf
343 3
+1 6
-1 9
+3 12
+1 3
fi=(185)
940 9
+2 6
+1 6
fe=(164)
347 6
cfi=(172)
cfn=(610)
calls=3 78 
* 1072
* 6
+3 12

fn=(626)
635 250005
+3 150003
+1 100002
+9 50001
+3 200004
-10 100002
+1 50001
+5 50001

fn=(698) _IO_default_finish
601 6
+2 6
+6 6
+3 6
54 4
624 4

fn=(766)
199 27
+2 27
+2 9
fi=(185)
940 27
+2 18
+1 18
fe=(164)
203 9
+1 18
-1 9
cfi=(165)
cfn=(768) _IO_file_overflow@@GLIBC_2.2.5
calls=9 731 
* 873

fn=(578) _IO_link_in
87 28
+1 4
-1 12
+1 12
+18 40
-16 2
+2 6
-2 2
+2 2
+1 2
-1 6
cfi=(166)
cfn=(580)
calls=2 -68 
* 20
+1 18
+2 2
-1 2
-1 4
+2 20
+5 2
-3 2
-2 4
+3 2
-1 2
+3 24
+1 2
+1 14
+1 4
cfi=(166)
cfn=(582)
calls=2 -64 
* 16
+3 2

fn=(854) _IO_flush_all_lockp
686 12
+5 6
cfi=(166)
cfn=(580)
calls=1 24 
* 10
+1 9
+3 1
-8 1
+5 2
+3 2
fi=(185)
940 4
fe=(164)
709 6
+2 3
-16 9
+2 3
+1 6
+3 21
+14 9
+1 2
cfi=(166)
cfn=(582)
calls=1 39 
* 8
+4 12

fn=(572)
563 20
+1 2
cfn=(574) _IO_old_init
calls=2 -33 
* 50
+1 2
+1 4
+2 2
+4 2
+7 2
+2 2
-9 10
+15 2
+1 12

fn=(604) _IO_default_uflow
361 92
fi=(185)
940 92
fe=(164)
361 46
fi=(185)
940 46
fe=(164)
361 92
+1 46
fi=(185)
942 92
+1 92
fe=(164)
362 92
cfi=(165)
cfn=(606) _IO_file_underflow@@GLIBC_2.2.5
calls=46 +99 
* 5186
+1 92
+2 176
+1 184

fn=(862) _IO_default_setbuf
452 2
fi=(185)
940 1
fe=(164)
452 2
fi=(185)
940 1
fe=(164)
452 1
fi=(185)
940 1
fe=(164)
452 4
+1 1
fi=(185)
942 2
+1 2
fe=(164)
453 2
cfi=(165)
cfn=(864) _IO_file_sync@@GLIBC_2.2.5
calls=1 792 
* 18
* 2
+4 1
330 1
462 1
-7 2
332 2
+5 1
-5 1
+5 1
467 1
332 1
466 4
+2 6
-11 1
+1 2
-1 1
330 4

fn=(618)
329 45
+1 24
+5 10
-3 5
+3 20
+3 22
-7 2
cob=(2)
cfi=(51)
cfn=(686)
calls=2 0 
* 302
+4 6

fn=(620) _IO_switch_to_get_mode
164 230
+1 138
+3 138
+4 92
+1 92
+7 46
-4 46
+4 46
-2 92
+3 46
+1 184

fn=(674) _IO_un_link
53 4
+1 8
+28 4
cfn=(676) __GI__IO_un_link.part.0
calls=2 -30 
* 214

fn=(676)
52 4
+7 2
-7 14
+6 12
cfi=(166)
cfn=(580)
calls=2 -34 
* 20
+1 18
+2 2
-1 2
-1 4
+2 20
+13 2
-13 2
+2 2
+13 2
-15 4
+15 2
-13 4
+3 2
-1 4
+1 1
+8 2
+2 20
+2 4
-1 2
+1 14
+1 4
cfi=(166)
cfn=(582)
calls=2 -40 
* 16
+3 18
-13 2
-1 2
+3 1
+3 1
-6 1
+3 1
+3 1
+2 2

fn=(852)
863 2
+3 1
-3 9
-77 1
+80 1
cfn=(854)
calls=1 686 
* 126
-80 2
+80 1
-80 3
cfi=(166)
cfn=(580)
calls=1 24 
* 10
+1 9
+3 1
-3 2
+3 2
fi=(185)
940 4
fe=(164)
838 3
-48 9
+9 9
+2 6
+6 13
+8 5
+9 1
fi=(185)
942 2
+1 2
fe=(164)
824 4
cfi=(165)
cfn=(860) _IO_file_setbuf@@GLIBC_2.2.5
calls=1 381 
* 83
+2 3
+4 5
+1 8
+11 9
+1 2
cfi=(166)
cfn=(582)
calls=1 39 
* 8
+35 12
-59 1
-2 1
+3 1
-3 1
+2 3

fn=(574)
531 2
+3 2
-2 2
+2 2
+5 2
-7 2
+2 2
+10 2
-10 2
+16 2
-11 2
-5 2
+16 2
-16 2
+21 2
-16 10
+16 4
+1 4
+2 2

fn=(602)
299 230
+1 138
+5 138
+3 46
173 46
308 92
+2 92
+6 92
+7 46
fi=(185)
940 138
+2 92
+1 92
fe=(164)
323 46
+1 46
-1 46
+1 92
-1 46
cfn=(604)
calls=46 +38 
* 6328
-23 92
+21 138

fn=(680) _IO_unsave_markers
960 4
+2 2
-2 2
+2 2
+5 6
+2 4

fl=(173) ./io/../sysdeps/unix/sysv/linux/fstat64.c
fn=(614) fstat
29 6
+1 6
+5 9
cfi=(174)
cfn=(616)
calls=3 153 
* 24

fl=(109)
fn=(356)
29 1
fi=(110) ./string/../sysdeps/x86_64/multiarch/ifunc-memcmp.h
+5 2
+1 1
-1 2
+1 2
+1 2
+1 3
+2 2
+4 3
+3 3
fe=(109)
-17 1

fl=(137)
fn=(442)
29 1
+2 7
+2 4
+2 4
+1 1

fl=(168) ./string/../string/strstr.c
fn=(590) __GI_strstr
77 16
+5 2
-5 6
+5 4
+2 8
cob=(2)
cfi=(51)
cfn=(592)
calls=2 -84 
* 46
* 2
+1 4
+44 2
+32 24

fl=(205)
fn=(790)
117 5
+5 1

fl=(210)
fn=(802)
367 1
51 3
+1 2
367 1
57 2
+8 1
-3 1
-23 1
+1 2
+30 1
369 2
40 3
+1 2
+33 2
+6 4
+4 3
+3 3

fl=(121)
fn=(390)
33 1
fi=(100)
+3 2
+1 1
-1 2
+1 2
+2 2
+4 3
+3 3
fe=(121)
-13 1

fl=(95)
fn=(320)
61 1
-20 2
+1 1
-1 2
-1 2
+2 2
+2 2
+4 3
+3 3
+10 1

fl=(115)
fn=(372)
29 1
fi=(100)
+7 2
+1 1
-1 2
+1 2
+2 2
+4 3
+3 3
fe=(115)
-17 1

fl=(165)
fn=(584)
213 22
+9 4
+2 12
356 24
247 12
+33 8
cfn=(586) _IO_file_open
calls=2 -98 
* 182
* 2
+3 4
+3 6
cfi=(168)
cfn=(590)
calls=2 77 
* 114
* 2
+1 4
-40 4
-19 2
-1 2
-13 4

fn=(622) _IO_file_read
1130 46
+1 46
+2 46
-1 46
+1 92
cfi=(175)
cfn=(624)
calls=46 25 
* 368

fn=(726)
1197 10
+7 2
-7 6
+6 6
+9 2
-2 4
+23 1
+2 1
+2 2
-2 1
+1 1
+1 1
-2 1
cob=(2)
cfi=(51)
cfn=(762)
calls=1 0 
* 17
* 1
+4 2
+28 18
-55 1
+4 1
-4 1
+1 2
+30 1
fi=(185)
940 3
+2 2
+1 2
fe=(165)
1243 3
cfn=(768)
calls=1 731 
* 131
* 2
+6 2
+1 7
+2 2
+11 3
-45 3
-2 2
+4 1
+11 3
443 2

fn=(864)
792 5
+5 4
+2 1
+1 2
+11 2
+4 4

fn=(612)
1146 3
+1 6
cfi=(173)
cfn=(614)
calls=3 29 
* 45

fn=(774) _IO_file_write@@GLIBC_2.2.5
1173 7
+2 6
+5 1
cfi=(204)
cfn=(776)
calls=1 25 
* 9
+1 2
+5 1
+1 1
-12 2
+4 3
+1 2
+10 3
+3 6
-4 3

fn=(768)
731 50
+1 40
+7 48
+37 9
-2 18
+3 18
+3 27
+1 27
+1 36
+4 9
+1 36
-45 2
+12 2
+9 3
+5 3
+2 2
-3 2
+3 1
+1 1
-6 1
+1 1
+5 4
+1 1
+2 2
+13 1
-12 1
+1 1
+11 2
-12 1
cfn=(770) _IO_do_write@@GLIBC_2.2.5
calls=1 423 
* 108
-31 2
cfi=(164)
cfn=(608)
calls=1 343 
* 538
+1 1
+9 1
-9 5

fn=(586)
182 4
+3 2
-3 14
+2 4
+4 2
cfi=(167)
cfn=(588)
calls=2 30 
* 68
* 2
+1 4
+3 4
+3 2
-4 2
+1 8
+3 4
+10 4
cfi=(164)
cfn=(578)
calls=2 87 
* 48
+1 2
+1 8

fn=(576)
106 2
+5 2
-5 4
+4 2
+3 2
cfi=(164)
cfn=(578)
calls=2 -26 
* 208
+1 2
+1 4

fn=(606)
461 46
+4 138
-4 368
+7 92
+6 138
+3 92
+12 88
+9 92
fi=(185)
940 46
+2 46
-2 46
fe=(165)
505 92
cfi=(164)
cfn=(620)
calls=46 164 
* 1150
+6 46
+5 46
-5 46
fi=(185)
942 92
fe=(165)
511 46
fi=(185)
942 46
fe=(165)
511 138
fi=(185)
943 92
fe=(165)
516 184
cfn=(622)
calls=46 1130 
* 644
+2 92
+16 44
-9 44
+9 88
+2 88
+1 352
-6 2
-10 10
+11 2
-11 4
+16 16
-57 6
+5 4
cfi=(164)
cfn=(608)
calls=2 343 
* 612
+4 8

fn=(696) _IO_file_finish@@GLIBC_2.2.5
168 10
+1 4
+7 2
-1 4
+1 4
-1 2
cfi=(164)
cfn=(698)
calls=2 601 
* 32

fn=(860)
381 3
+1 1
cfi=(164)
cfn=(862)
calls=1 +70 
* 69
* 2
+3 1
+4 2
-2 3
+3 2

fn=(678) _IO_file_close_it@@GLIBC_2.2.5
128 8
+2 6
+4 4
+3 2
-3 2
-1 4
+6 2
+3 2
-3 2
cfi=(164)
cfn=(680)
calls=2 960 
* 20
+3 6
fi=(185)
940 6
+2 4
+1 4
fe=(165)
142 4
cfn=(682) _IO_file_close
calls=2 1164 
* 18
* 2
+3 6
+8 10
cfi=(164)
cfn=(618)
calls=2 329 
* 364
+1 2
+3 2
-3 6
+3 2
cfi=(164)
cfn=(674)
calls=2 53 
* 8
+5 2
-4 2
+1 2
+3 2
-2 2
+3 10

fn=(682)
1164 2
+3 4
cfi=(184)
cfn=(684)
calls=2 25 
* 12

fn=(770)
423 1
+2 3
-2 1
fi=(185)
940 1
fe=(165)
423 2
fi=(185)
940 1
fe=(165)
423 1
fi=(185)
940 2
fe=(165)
423 5
+20 1
-10 2
+7 4
fi=(185)
942 2
+1 2
fe=(165)
448 4
cfn=(774)
calls=1 1173 
* 46
* 1
+1 5
+2 1
+4 2
-3 2
-1 2
+4 2
-2 1
-28 4
+1 8
+28 2

fl=(194)
fn=(736)
28 1
+1 1
+1 1
+2 1
+1 1
+1 1
+12 1
+1 1
+1 1
+1 1
+1 1
+1 1
+1 1
+6 1
+1 1
+1 1

fl=(195)
fn=(740)
307 2
+1 2
+6 2
+1 2
+42 2
+1 2
+36 2
+1 2
+1 2
+1 2
+2 2

fn=(764)
294 2
+1 2
+1 2
+1 2
+17 2
+1 2
+42 2
+1 2
+2 2
+1 2
+2 1
+4 1
+1 1
+1 1
+1 1
+1 1
+4 1
+2 1
+39 1
+1 1
+1 1
+1 1
+1 1

fl=(122)
fn=(394)
29 1
fi=(123)
+6 5
-1 2
+2 3
+5 2
-3 2
+9 3
+3 4
fe=(122)
-21 1

fl=(183)
fn=(672)
34 10
+14 6
fi=(185)
883 4
+1 6
fe=(183)
57 2
fi=(185)
940 6
+2 4
+1 4
fe=(183)
57 6
cfi=(165)
cfn=(696)
calls=2 168 
* 58
+1 6
+13 4
fi=(185)
855 8
+1 8
+6 4
cob=(2)
cfi=(51)
cfn=(686)
calls=2 0 
* 182
fe=(183)
76 10
-27 2
cfi=(164)
cfn=(674)
calls=2 +4 
* 222
+2 24
+1 2
-1 4
fi=(185)
883 4
fe=(183)
52 4
+1 4
cfi=(165)
cfn=(678)
calls=2 +75 
* 516
fi=(185)
883 2
fe=(183)
53 2
fi=(185)
883 4
+1 8
fe=(183)

fl=(97)
fn=(326)
29 2
fi=(92)
+24 6
-1 4
+4 6
+14 4
+2 4
+8 4
+8 4
+2 10
fe=(97)

fl=(82)
fn=(292)
31 2
fi=(83)
+2 10
-1 4
+2 6
+2 4
+4 6
+3 8
fe=(82)
-12 2

fl=(111)
fn=(360)
31 2
fi=(112) ./wcsmbs/../sysdeps/x86_64/multiarch/ifunc-wmemset.h
+2 10
+1 6
+2 4
+8 6
+3 8
fe=(111)
-16 2

fl=(116)
fn=(376)
31 1
fi=(222)
+1 5
fe=(116)
-1 1

fl=(152)
fn=(512)
69 9
-28 2
+2 6
+1 2
cfn=(514) __new_exitfn
calls=1 +38 
* 32
+2 2
+10 1
+2 1
-5 3
+3 1
-1 1
+4 2
+1 1
-1 2
+12 6

fn=(514)
82 1
+6 2
-6 4
+11 4
-10 2
+12 4
-2 1
+10 1
-10 3
+45 1
+5 1
-4 1
+4 4
-18 1
-1 1
+1 1

fl=(91)
fn=(312)
29 1
fi=(92)
+24 3
-1 2
+4 3
+14 2
+2 2
+8 2
+8 2
+2 5
fe=(91)

totals: 2741017495
